#! /c/Source/iverilog-install/bin/vvp
:ivl_version "12.0 (devel)" "(s20150603-1539-g2693dd32b)";
:ivl_delay_selection "TYPICAL";
:vpi_time_precision + 0;
:vpi_module "C:\iverilog\lib\ivl\system.vpi";
:vpi_module "C:\iverilog\lib\ivl\vhdl_sys.vpi";
:vpi_module "C:\iverilog\lib\ivl\vhdl_textio.vpi";
:vpi_module "C:\iverilog\lib\ivl\v2005_math.vpi";
:vpi_module "C:\iverilog\lib\ivl\va_math.vpi";
:vpi_module "C:\iverilog\lib\ivl\v2009.vpi";
S_000002837f13dbe0 .scope package, "$unit" "$unit" 2 1;
 .timescale 0 0;
S_000002837f140e20 .scope module, "ff_fifo_wrapped_in_valid_ready" "ff_fifo_wrapped_in_valid_ready" 3 1;
 .timescale 0 0;
    .port_info 0 /INPUT 1 "clk";
    .port_info 1 /INPUT 1 "rst";
    .port_info 2 /INPUT 1 "up_valid";
    .port_info 3 /OUTPUT 1 "up_ready";
    .port_info 4 /INPUT 8 "up_data";
    .port_info 5 /OUTPUT 1 "down_valid";
    .port_info 6 /INPUT 1 "down_ready";
    .port_info 7 /OUTPUT 8 "down_data";
P_000002837f124a10 .param/l "depth" 0 3 3, +C4<00000000000000000000000000001010>;
P_000002837f124a48 .param/l "width" 0 3 3, +C4<00000000000000000000000000001000>;
L_000002837f13cf90 .functor NOT 1, L_000002837f13d3f0, C4<0>, C4<0>, C4<0>;
o000002837f149b18 .functor BUFZ 1, C4<z>; HiZ drive
L_000002837f13d230 .functor AND 1, o000002837f149b18, L_000002837f13cf90, C4<1>, C4<1>;
L_000002837f13d070 .functor NOT 1, L_000002837f13cb30, C4<0>, C4<0>, C4<0>;
o000002837f149a88 .functor BUFZ 1, C4<z>; HiZ drive
L_000002837f13d2a0 .functor AND 1, L_000002837f13d070, o000002837f149a88, C4<1>, C4<1>;
o000002837f149698 .functor BUFZ 1, C4<z>; HiZ drive
v000002837f1338e0_0 .net "clk", 0 0, o000002837f149698;  0 drivers
v000002837f1346a0_0 .net "down_data", 7 0, L_000002837f13c6d0;  1 drivers
v000002837f133660_0 .net "down_ready", 0 0, o000002837f149a88;  0 drivers
v000002837f134740_0 .net "down_valid", 0 0, L_000002837f13d070;  1 drivers
v000002837f133980_0 .net "fifo_empty", 0 0, L_000002837f13cb30;  1 drivers
v000002837f133ac0_0 .net "fifo_full", 0 0, L_000002837f13d3f0;  1 drivers
v000002837f1335c0_0 .net "fifo_pop", 0 0, L_000002837f13d2a0;  1 drivers
v000002837f134380_0 .net "fifo_push", 0 0, L_000002837f13d230;  1 drivers
o000002837f149848 .functor BUFZ 1, C4<z>; HiZ drive
v000002837f133fc0_0 .net "rst", 0 0, o000002837f149848;  0 drivers
o000002837f1498d8 .functor BUFZ 8, C4<zzzzzzzz>; HiZ drive
v000002837f133d40_0 .net "up_data", 7 0, o000002837f1498d8;  0 drivers
v000002837f134420_0 .net "up_ready", 0 0, L_000002837f13cf90;  1 drivers
v000002837f1344c0_0 .net "up_valid", 0 0, o000002837f149b18;  0 drivers
S_000002837f0f57a0 .scope module, "fifo" "flip_flop_fifo" 3 31, 4 1 0, S_000002837f140e20;
 .timescale 0 0;
    .port_info 0 /INPUT 1 "clk";
    .port_info 1 /INPUT 1 "rst";
    .port_info 2 /INPUT 1 "push";
    .port_info 3 /INPUT 1 "pop";
    .port_info 4 /INPUT 8 "write_data";
    .port_info 5 /OUTPUT 8 "read_data";
    .port_info 6 /OUTPUT 1 "empty";
    .port_info 7 /OUTPUT 1 "full";
P_000002837f0d4190 .param/l "depth" 0 4 3, +C4<00000000000000000000000000001010>;
P_000002837f0d41c8 .param/l "max_ptr" 1 4 19, +C4<1001>;
P_000002837f0d4200 .param/l "pointer_width" 1 4 18, +C4<00000000000000000000000000000100>;
P_000002837f0d4238 .param/l "width" 0 4 3, +C4<00000000000000000000000000001000>;
L_000002837f13c6d0 .functor BUFZ 8, L_000002837f18b180, C4<00000000>, C4<00000000>, C4<00000000>;
L_000002837f13d310 .functor XNOR 1, v000002837f1341a0_0, v000002837f134600_0, C4<0>, C4<0>;
L_000002837f13cb30 .functor AND 1, L_000002837f189b00, L_000002837f13d310, C4<1>, C4<1>;
L_000002837f13d4d0 .functor XOR 1, v000002837f1341a0_0, v000002837f134600_0, C4<0>, C4<0>;
L_000002837f13d3f0 .functor AND 1, L_000002837f189b00, L_000002837f13d4d0, C4<1>, C4<1>;
v000002837f133700_0 .net *"_ivl_0", 7 0, L_000002837f18b180;  1 drivers
v000002837f1332a0_0 .net *"_ivl_10", 0 0, L_000002837f13d310;  1 drivers
v000002837f1330c0_0 .net *"_ivl_14", 0 0, L_000002837f13d4d0;  1 drivers
v000002837f134b00_0 .net *"_ivl_2", 4 0, L_000002837f189ba0;  1 drivers
L_000002837f1fc038 .functor BUFT 1, C4<0>, C4<0>, C4<0>, C4<0>;
v000002837f133c00_0 .net *"_ivl_5", 0 0, L_000002837f1fc038;  1 drivers
v000002837f133de0_0 .net "clk", 0 0, o000002837f149698;  alias, 0 drivers
v000002837f1342e0 .array "data", 9 0, 7 0;
v000002837f133200_0 .net "empty", 0 0, L_000002837f13cb30;  alias, 1 drivers
v000002837f133f20_0 .net "equal_ptrs", 0 0, L_000002837f189b00;  1 drivers
v000002837f132e40_0 .net "full", 0 0, L_000002837f13d3f0;  alias, 1 drivers
v000002837f134100_0 .net "pop", 0 0, L_000002837f13d2a0;  alias, 1 drivers
v000002837f1333e0_0 .net "push", 0 0, L_000002837f13d230;  alias, 1 drivers
v000002837f134060_0 .var "rd_ptr", 3 0;
v000002837f134600_0 .var "rd_ptr_odd_circle", 0 0;
v000002837f133480_0 .net "read_data", 7 0, L_000002837f13c6d0;  alias, 1 drivers
v000002837f134ba0_0 .net "rst", 0 0, o000002837f149848;  alias, 0 drivers
v000002837f134c40_0 .var "wr_ptr", 3 0;
v000002837f1341a0_0 .var "wr_ptr_odd_circle", 0 0;
v000002837f133520_0 .net "write_data", 7 0, o000002837f1498d8;  alias, 0 drivers
E_000002837f143cb0 .event posedge, v000002837f133de0_0;
E_000002837f144430 .event posedge, v000002837f134ba0_0, v000002837f133de0_0;
L_000002837f18b180 .array/port v000002837f1342e0, L_000002837f189ba0;
L_000002837f189ba0 .concat [ 4 1 0 0], v000002837f134060_0, L_000002837f1fc038;
L_000002837f189b00 .cmp/eq 4, v000002837f134c40_0, v000002837f134060_0;
S_000002837f140fb0 .scope module, "tb" "tb" 5 1;
 .timescale 0 0;
P_000002837f0e3320 .param/l "depth" 0 5 3, +C4<00000000000000000000000000000100>;
P_000002837f0e3358 .param/l "max_transfers" 1 5 214, +C4<00000000000000000000000001100100>;
P_000002837f0e3390 .param/l "width" 0 5 3, +C4<00000000000000000000000000000100>;
v000002837f1899c0_0 .var "a_count", 32 0;
v000002837f18a6e0_0 .var "a_data", 3 0;
v000002837f18a320_0 .var/queue "a_queue", 4;
v000002837f18af00_0 .net "a_ready", 0 0, L_000002837f18e290;  1 drivers
v000002837f18a820_0 .var "a_valid", 0 0;
v000002837f189c40_0 .var "b_count", 32 0;
v000002837f189880_0 .var "b_data", 3 0;
v000002837f18a460_0 .var/queue "b_queue", 4;
v000002837f1897e0_0 .net "b_ready", 0 0, L_000002837f18d8f0;  1 drivers
v000002837f18ad20_0 .var "b_valid", 0 0;
v000002837f18b4a0_0 .var "clk", 0 0;
v000002837f18a8c0_0 .var/2u "cycle", 31 0;
v000002837f189e20_0 .var "n_cycles", 32 0;
v000002837f18aaa0_0 .var "rst", 0 0;
v000002837f18ae60_0 .var "sum_count", 32 0;
v000002837f18afa0_0 .net "sum_data", 3 0, L_000002837f18de30;  1 drivers
v000002837f18a000_0 .var "sum_data_expected", 3 0;
v000002837f18b0e0_0 .var "sum_ready", 0 0;
v000002837f18a500_0 .net "sum_valid", 0 0, L_000002837f18e060;  1 drivers
v000002837f189a60_0 .var "was_reset", 0 0;
S_000002837f0f5930 .scope begin, "$ivl_for_loop0" "$ivl_for_loop0" 5 160, 5 160 0, S_000002837f140fb0;
 .timescale 0 0;
v000002837f134560_0 .var/2s "i", 31 0;
S_000002837f0ed550 .scope begin, "$ivl_for_loop1" "$ivl_for_loop1" 5 170, 5 170 0, S_000002837f140fb0;
 .timescale 0 0;
v000002837f134880_0 .var/2s "i", 31 0;
S_000002837f0ed6e0 .scope module, "dut" "a_plus_b_using_fifos" 5 35, 6 1 0, S_000002837f140fb0;
 .timescale 0 0;
    .port_info 0 /INPUT 1 "clk";
    .port_info 1 /INPUT 1 "rst";
    .port_info 2 /INPUT 1 "a_valid";
    .port_info 3 /OUTPUT 1 "a_ready";
    .port_info 4 /INPUT 4 "a_data";
    .port_info 5 /INPUT 1 "b_valid";
    .port_info 6 /OUTPUT 1 "b_ready";
    .port_info 7 /INPUT 4 "b_data";
    .port_info 8 /OUTPUT 1 "sum_valid";
    .port_info 9 /INPUT 1 "sum_ready";
    .port_info 10 /OUTPUT 4 "sum_data";
P_000002837f123090 .param/l "depth" 0 6 3, +C4<00000000000000000000000000000100>;
P_000002837f1230c8 .param/l "width" 0 6 3, +C4<00000000000000000000000000000100>;
L_000002837f13c9e0 .functor BUFZ 4, v000002837f18a6e0_0, C4<0000>, C4<0000>, C4<0000>;
L_000002837f13cd60 .functor BUFZ 4, v000002837f189880_0, C4<0000>, C4<0000>, C4<0000>;
L_000002837f13c890 .functor NOT 1, L_000002837f189920, C4<0>, C4<0>, C4<0>;
L_000002837f13c900 .functor AND 1, v000002837f18a820_0, L_000002837f13c890, C4<1>, C4<1>;
L_000002837f13c970 .functor NOT 1, L_000002837f189ce0, C4<0>, C4<0>, C4<0>;
L_000002837f13ce40 .functor AND 1, v000002837f18ad20_0, L_000002837f13c970, C4<1>, C4<1>;
L_000002837f13ceb0 .functor NOT 1, L_000002837f18aa00, C4<0>, C4<0>, C4<0>;
L_000002837f0d3a00 .functor NOT 1, L_000002837f18b220, C4<0>, C4<0>, C4<0>;
L_000002837f0d33e0 .functor AND 1, L_000002837f13ceb0, L_000002837f0d3a00, C4<1>, C4<1>;
L_000002837f0d3840 .functor NOT 1, L_000002837f18a5a0, C4<0>, C4<0>, C4<0>;
L_000002837f0d3df0 .functor AND 1, L_000002837f0d33e0, L_000002837f0d3840, C4<1>, C4<1>;
L_000002837f0d3140 .functor NOT 1, L_000002837f18aa00, C4<0>, C4<0>, C4<0>;
L_000002837f18d880 .functor NOT 1, L_000002837f18b220, C4<0>, C4<0>, C4<0>;
L_000002837f18dc70 .functor AND 1, L_000002837f0d3140, L_000002837f18d880, C4<1>, C4<1>;
L_000002837f18d6c0 .functor NOT 1, L_000002837f18a5a0, C4<0>, C4<0>, C4<0>;
L_000002837f18df80 .functor AND 1, L_000002837f18dc70, L_000002837f18d6c0, C4<1>, C4<1>;
L_000002837f18e290 .functor NOT 1, L_000002837f189920, C4<0>, C4<0>, C4<0>;
L_000002837f18d8f0 .functor NOT 1, L_000002837f189ce0, C4<0>, C4<0>, C4<0>;
L_000002837f18ddc0 .functor BUFZ 1, L_000002837f0d3df0, C4<0>, C4<0>, C4<0>;
L_000002837f18e3e0 .functor BUFZ 4, L_000002837f18a140, C4<0000>, C4<0000>, C4<0000>;
L_000002837f18e060 .functor NOT 1, L_000002837f18a960, C4<0>, C4<0>, C4<0>;
L_000002837f18de30 .functor BUFZ 4, L_000002837f13c820, C4<0000>, C4<0000>, C4<0000>;
L_000002837f18e0d0 .functor NOT 1, L_000002837f18a960, C4<0>, C4<0>, C4<0>;
L_000002837f18d810 .functor AND 1, v000002837f18b0e0_0, L_000002837f18e0d0, C4<1>, C4<1>;
v000002837f187cd0_0 .net *"_ivl_12", 0 0, L_000002837f13ceb0;  1 drivers
v000002837f189350_0 .net *"_ivl_14", 0 0, L_000002837f0d3a00;  1 drivers
v000002837f1877d0_0 .net *"_ivl_17", 0 0, L_000002837f0d33e0;  1 drivers
v000002837f188590_0 .net *"_ivl_18", 0 0, L_000002837f0d3840;  1 drivers
v000002837f1890d0_0 .net *"_ivl_22", 0 0, L_000002837f0d3140;  1 drivers
v000002837f1888b0_0 .net *"_ivl_24", 0 0, L_000002837f18d880;  1 drivers
v000002837f188db0_0 .net *"_ivl_27", 0 0, L_000002837f18dc70;  1 drivers
v000002837f188630_0 .net *"_ivl_28", 0 0, L_000002837f18d6c0;  1 drivers
v000002837f188130_0 .net *"_ivl_4", 0 0, L_000002837f13c890;  1 drivers
v000002837f187910_0 .net *"_ivl_46", 0 0, L_000002837f18e0d0;  1 drivers
v000002837f1886d0_0 .net *"_ivl_8", 0 0, L_000002837f13c970;  1 drivers
v000002837f1893f0_0 .net "a_data", 3 0, v000002837f18a6e0_0;  1 drivers
v000002837f188310_0 .net "a_ready", 0 0, L_000002837f18e290;  alias, 1 drivers
v000002837f187d70_0 .net "a_valid", 0 0, v000002837f18a820_0;  1 drivers
v000002837f1889f0_0 .net "b_data", 3 0, v000002837f189880_0;  1 drivers
v000002837f189170_0 .net "b_ready", 0 0, L_000002837f18d8f0;  alias, 1 drivers
v000002837f189490_0 .net "b_valid", 0 0, v000002837f18ad20_0;  1 drivers
v000002837f187e10_0 .net "clk", 0 0, v000002837f18b4a0_0;  1 drivers
v000002837f188a90_0 .net "empty_1", 0 0, L_000002837f18b220;  1 drivers
v000002837f187870_0 .net "empty_2", 0 0, L_000002837f18a5a0;  1 drivers
v000002837f187f50_0 .net "empty_3", 0 0, L_000002837f18a960;  1 drivers
v000002837f1879b0_0 .net "full_1", 0 0, L_000002837f189920;  1 drivers
v000002837f187a50_0 .net "full_2", 0 0, L_000002837f189ce0;  1 drivers
v000002837f187af0_0 .net "full_3", 0 0, L_000002837f18aa00;  1 drivers
v000002837f189030_0 .net "pop_1", 0 0, L_000002837f0d3df0;  1 drivers
v000002837f189530_0 .net "pop_2", 0 0, L_000002837f18df80;  1 drivers
v000002837f187b90_0 .net "pop_3", 0 0, L_000002837f18d810;  1 drivers
v000002837f187ff0_0 .net "push_1", 0 0, L_000002837f13c900;  1 drivers
v000002837f1881d0_0 .net "push_2", 0 0, L_000002837f13ce40;  1 drivers
v000002837f1883b0_0 .net "push_3", 0 0, L_000002837f18ddc0;  1 drivers
v000002837f188450_0 .net "rd_1", 3 0, L_000002837f13d460;  1 drivers
v000002837f188ef0_0 .net "rd_2", 3 0, L_000002837f13cc80;  1 drivers
v000002837f1884f0_0 .net "rd_3", 3 0, L_000002837f13c820;  1 drivers
v000002837f188770_0 .net "rst", 0 0, v000002837f18aaa0_0;  1 drivers
v000002837f188bd0_0 .net "sum", 3 0, L_000002837f18a140;  1 drivers
v000002837f188b30_0 .net "sum_data", 3 0, L_000002837f18de30;  alias, 1 drivers
v000002837f188f90_0 .net "sum_ready", 0 0, v000002837f18b0e0_0;  1 drivers
v000002837f18a280_0 .net "sum_valid", 0 0, L_000002837f18e060;  alias, 1 drivers
v000002837f18ac80_0 .net "wd_1", 3 0, L_000002837f13c9e0;  1 drivers
v000002837f18adc0_0 .net "wd_2", 3 0, L_000002837f13cd60;  1 drivers
v000002837f18ab40_0 .net "wd_3", 3 0, L_000002837f18e3e0;  1 drivers
L_000002837f18a140 .arith/sum 4, L_000002837f13d460, L_000002837f13cc80;
S_000002837f0e4620 .scope module, "fifo_a" "my_fifo" 6 32, 7 1 0, S_000002837f0ed6e0;
 .timescale 0 0;
    .port_info 0 /INPUT 1 "clk";
    .port_info 1 /INPUT 1 "rst";
    .port_info 2 /INPUT 1 "push";
    .port_info 3 /INPUT 1 "pop";
    .port_info 4 /INPUT 4 "write_data";
    .port_info 5 /OUTPUT 4 "read_data";
    .port_info 6 /OUTPUT 1 "empty";
    .port_info 7 /OUTPUT 1 "full";
P_000002837f0f5ac0 .param/l "depth" 0 7 2, +C4<00000000000000000000000000000100>;
P_000002837f0f5af8 .param/l "depth_minus_1" 1 7 15, +C4<000000000000000000000000000000011>;
P_000002837f0f5b30 .param/l "pointer_depth" 1 7 14, +C4<00000000000000000000000000000010>;
P_000002837f0f5b68 .param/l "width" 0 7 2, +C4<00000000000000000000000000000100>;
L_000002837f13d0e0 .functor AND 1, L_000002837f0d3df0, L_000002837f189f60, C4<1>, C4<1>;
L_000002837f13d460 .functor BUFZ 4, L_000002837f18b040, C4<0000>, C4<0000>, C4<0000>;
v000002837f134920_0 .net *"_ivl_0", 31 0, L_000002837f18a0a0;  1 drivers
v000002837f11d9b0_0 .net *"_ivl_10", 3 0, L_000002837f18b040;  1 drivers
L_000002837f1fc110 .functor BUFT 1, C4<000>, C4<0>, C4<0>, C4<0>;
v000002837f11d7d0_0 .net/2u *"_ivl_14", 2 0, L_000002837f1fc110;  1 drivers
v000002837f185c20_0 .net *"_ivl_18", 31 0, L_000002837f18b2c0;  1 drivers
L_000002837f1fc158 .functor BUFT 1, C4<00000000000000000000000000000>, C4<0>, C4<0>, C4<0>;
v000002837f185860_0 .net *"_ivl_21", 28 0, L_000002837f1fc158;  1 drivers
L_000002837f1fc1a0 .functor BUFT 1, C4<00000000000000000000000000000100>, C4<0>, C4<0>, C4<0>;
v000002837f1857c0_0 .net/2u *"_ivl_22", 31 0, L_000002837f1fc1a0;  1 drivers
L_000002837f1fc080 .functor BUFT 1, C4<00000000000000000000000000000>, C4<0>, C4<0>, C4<0>;
v000002837f186c60_0 .net *"_ivl_3", 28 0, L_000002837f1fc080;  1 drivers
L_000002837f1fc0c8 .functor BUFT 1, C4<00000000000000000000000000000000>, C4<0>, C4<0>, C4<0>;
v000002837f186800_0 .net/2u *"_ivl_4", 31 0, L_000002837f1fc0c8;  1 drivers
v000002837f185900_0 .net *"_ivl_6", 0 0, L_000002837f189f60;  1 drivers
v000002837f1873e0_0 .var "chislo", 2 0;
v000002837f186da0_0 .net "clk", 0 0, v000002837f18b4a0_0;  alias, 1 drivers
v000002837f186300_0 .var "count_in_fifo", 3 0;
v000002837f186260_0 .var "count_out_fifo", 3 0;
v000002837f186b20_0 .net "empty", 0 0, L_000002837f18b220;  alias, 1 drivers
v000002837f1870c0 .array "fifo", 0 3, 3 0;
v000002837f186440_0 .net "full", 0 0, L_000002837f189920;  alias, 1 drivers
v000002837f1859a0_0 .net "pop", 0 0, L_000002837f0d3df0;  alias, 1 drivers
v000002837f186e40_0 .net "push", 0 0, L_000002837f13c900;  alias, 1 drivers
v000002837f186d00_0 .net "read_data", 3 0, L_000002837f13d460;  alias, 1 drivers
v000002837f185e00_0 .net "rst", 0 0, v000002837f18aaa0_0;  alias, 1 drivers
v000002837f186120_0 .net "uslovie_schitivanie", 0 0, L_000002837f13d0e0;  1 drivers
v000002837f185a40_0 .net "write_data", 3 0, L_000002837f13c9e0;  alias, 1 drivers
E_000002837f1437f0 .event posedge, v000002837f186da0_0;
L_000002837f18a0a0 .concat [ 3 29 0 0], v000002837f1873e0_0, L_000002837f1fc080;
L_000002837f189f60 .cmp/gt 32, L_000002837f18a0a0, L_000002837f1fc0c8;
L_000002837f18b040 .array/port v000002837f1870c0, v000002837f186260_0;
L_000002837f18b220 .cmp/eq 3, v000002837f1873e0_0, L_000002837f1fc110;
L_000002837f18b2c0 .concat [ 3 29 0 0], v000002837f1873e0_0, L_000002837f1fc158;
L_000002837f189920 .cmp/eq 32, L_000002837f18b2c0, L_000002837f1fc1a0;
S_000002837f0e47b0 .scope module, "fifo_b" "my_fifo" 6 53, 7 1 0, S_000002837f0ed6e0;
 .timescale 0 0;
    .port_info 0 /INPUT 1 "clk";
    .port_info 1 /INPUT 1 "rst";
    .port_info 2 /INPUT 1 "push";
    .port_info 3 /INPUT 1 "pop";
    .port_info 4 /INPUT 4 "write_data";
    .port_info 5 /OUTPUT 4 "read_data";
    .port_info 6 /OUTPUT 1 "empty";
    .port_info 7 /OUTPUT 1 "full";
P_000002837f0e4940 .param/l "depth" 0 7 2, +C4<00000000000000000000000000000100>;
P_000002837f0e4978 .param/l "depth_minus_1" 1 7 15, +C4<000000000000000000000000000000011>;
P_000002837f0e49b0 .param/l "pointer_depth" 1 7 14, +C4<00000000000000000000000000000010>;
P_000002837f0e49e8 .param/l "width" 0 7 2, +C4<00000000000000000000000000000100>;
L_000002837f13cba0 .functor AND 1, L_000002837f18df80, L_000002837f18a3c0, C4<1>, C4<1>;
L_000002837f13cc80 .functor BUFZ 4, L_000002837f18b360, C4<0000>, C4<0000>, C4<0000>;
v000002837f186ee0_0 .net *"_ivl_0", 31 0, L_000002837f18b540;  1 drivers
v000002837f1864e0_0 .net *"_ivl_10", 3 0, L_000002837f18b360;  1 drivers
L_000002837f1fc278 .functor BUFT 1, C4<000>, C4<0>, C4<0>, C4<0>;
v000002837f186f80_0 .net/2u *"_ivl_14", 2 0, L_000002837f1fc278;  1 drivers
v000002837f185b80_0 .net *"_ivl_18", 31 0, L_000002837f18b400;  1 drivers
L_000002837f1fc2c0 .functor BUFT 1, C4<00000000000000000000000000000>, C4<0>, C4<0>, C4<0>;
v000002837f1861c0_0 .net *"_ivl_21", 28 0, L_000002837f1fc2c0;  1 drivers
L_000002837f1fc308 .functor BUFT 1, C4<00000000000000000000000000000100>, C4<0>, C4<0>, C4<0>;
v000002837f185ae0_0 .net/2u *"_ivl_22", 31 0, L_000002837f1fc308;  1 drivers
L_000002837f1fc1e8 .functor BUFT 1, C4<00000000000000000000000000000>, C4<0>, C4<0>, C4<0>;
v000002837f187340_0 .net *"_ivl_3", 28 0, L_000002837f1fc1e8;  1 drivers
L_000002837f1fc230 .functor BUFT 1, C4<00000000000000000000000000000000>, C4<0>, C4<0>, C4<0>;
v000002837f186580_0 .net/2u *"_ivl_4", 31 0, L_000002837f1fc230;  1 drivers
v000002837f185fe0_0 .net *"_ivl_6", 0 0, L_000002837f18a3c0;  1 drivers
v000002837f185cc0_0 .var "chislo", 2 0;
v000002837f1863a0_0 .net "clk", 0 0, v000002837f18b4a0_0;  alias, 1 drivers
v000002837f187160_0 .var "count_in_fifo", 3 0;
v000002837f187020_0 .var "count_out_fifo", 3 0;
v000002837f1866c0_0 .net "empty", 0 0, L_000002837f18a5a0;  alias, 1 drivers
v000002837f186940 .array "fifo", 0 3, 3 0;
v000002837f186620_0 .net "full", 0 0, L_000002837f189ce0;  alias, 1 drivers
v000002837f185d60_0 .net "pop", 0 0, L_000002837f18df80;  alias, 1 drivers
v000002837f1869e0_0 .net "push", 0 0, L_000002837f13ce40;  alias, 1 drivers
v000002837f185ea0_0 .net "read_data", 3 0, L_000002837f13cc80;  alias, 1 drivers
v000002837f187200_0 .net "rst", 0 0, v000002837f18aaa0_0;  alias, 1 drivers
v000002837f186a80_0 .net "uslovie_schitivanie", 0 0, L_000002837f13cba0;  1 drivers
v000002837f1872a0_0 .net "write_data", 3 0, L_000002837f13cd60;  alias, 1 drivers
L_000002837f18b540 .concat [ 3 29 0 0], v000002837f185cc0_0, L_000002837f1fc1e8;
L_000002837f18a3c0 .cmp/gt 32, L_000002837f18b540, L_000002837f1fc230;
L_000002837f18b360 .array/port v000002837f186940, v000002837f187020_0;
L_000002837f18a5a0 .cmp/eq 3, v000002837f185cc0_0, L_000002837f1fc278;
L_000002837f18b400 .concat [ 3 29 0 0], v000002837f185cc0_0, L_000002837f1fc2c0;
L_000002837f189ce0 .cmp/eq 32, L_000002837f18b400, L_000002837f1fc308;
S_000002837f0de610 .scope module, "fifo_out" "my_fifo" 6 74, 7 1 0, S_000002837f0ed6e0;
 .timescale 0 0;
    .port_info 0 /INPUT 1 "clk";
    .port_info 1 /INPUT 1 "rst";
    .port_info 2 /INPUT 1 "push";
    .port_info 3 /INPUT 1 "pop";
    .port_info 4 /INPUT 4 "write_data";
    .port_info 5 /OUTPUT 4 "read_data";
    .port_info 6 /OUTPUT 1 "empty";
    .port_info 7 /OUTPUT 1 "full";
P_000002837f137710 .param/l "depth" 0 7 2, +C4<00000000000000000000000000000100>;
P_000002837f137748 .param/l "depth_minus_1" 1 7 15, +C4<000000000000000000000000000000011>;
P_000002837f137780 .param/l "pointer_depth" 1 7 14, +C4<00000000000000000000000000000010>;
P_000002837f1377b8 .param/l "width" 0 7 2, +C4<00000000000000000000000000000100>;
L_000002837f13ccf0 .functor AND 1, L_000002837f18d810, L_000002837f189740, C4<1>, C4<1>;
L_000002837f13c820 .functor BUFZ 4, L_000002837f189d80, C4<0000>, C4<0000>, C4<0000>;
v000002837f186bc0_0 .net *"_ivl_0", 31 0, L_000002837f1896a0;  1 drivers
v000002837f187480_0 .net *"_ivl_10", 3 0, L_000002837f189d80;  1 drivers
L_000002837f1fc3e0 .functor BUFT 1, C4<000>, C4<0>, C4<0>, C4<0>;
v000002837f187520_0 .net/2u *"_ivl_14", 2 0, L_000002837f1fc3e0;  1 drivers
v000002837f185680_0 .net *"_ivl_18", 31 0, L_000002837f18abe0;  1 drivers
L_000002837f1fc428 .functor BUFT 1, C4<00000000000000000000000000000>, C4<0>, C4<0>, C4<0>;
v000002837f185f40_0 .net *"_ivl_21", 28 0, L_000002837f1fc428;  1 drivers
L_000002837f1fc470 .functor BUFT 1, C4<00000000000000000000000000000100>, C4<0>, C4<0>, C4<0>;
v000002837f186760_0 .net/2u *"_ivl_22", 31 0, L_000002837f1fc470;  1 drivers
L_000002837f1fc350 .functor BUFT 1, C4<00000000000000000000000000000>, C4<0>, C4<0>, C4<0>;
v000002837f185720_0 .net *"_ivl_3", 28 0, L_000002837f1fc350;  1 drivers
L_000002837f1fc398 .functor BUFT 1, C4<00000000000000000000000000000000>, C4<0>, C4<0>, C4<0>;
v000002837f186080_0 .net/2u *"_ivl_4", 31 0, L_000002837f1fc398;  1 drivers
v000002837f1868a0_0 .net *"_ivl_6", 0 0, L_000002837f189740;  1 drivers
v000002837f189210_0 .var "chislo", 2 0;
v000002837f187eb0_0 .net "clk", 0 0, v000002837f18b4a0_0;  alias, 1 drivers
v000002837f188090_0 .var "count_in_fifo", 3 0;
v000002837f1892b0_0 .var "count_out_fifo", 3 0;
v000002837f188950_0 .net "empty", 0 0, L_000002837f18a960;  alias, 1 drivers
v000002837f188810 .array "fifo", 0 3, 3 0;
v000002837f187690_0 .net "full", 0 0, L_000002837f18aa00;  alias, 1 drivers
v000002837f188270_0 .net "pop", 0 0, L_000002837f18d810;  alias, 1 drivers
v000002837f188c70_0 .net "push", 0 0, L_000002837f18ddc0;  alias, 1 drivers
v000002837f187730_0 .net "read_data", 3 0, L_000002837f13c820;  alias, 1 drivers
v000002837f188e50_0 .net "rst", 0 0, v000002837f18aaa0_0;  alias, 1 drivers
v000002837f187c30_0 .net "uslovie_schitivanie", 0 0, L_000002837f13ccf0;  1 drivers
v000002837f188d10_0 .net "write_data", 3 0, L_000002837f18e3e0;  alias, 1 drivers
L_000002837f1896a0 .concat [ 3 29 0 0], v000002837f189210_0, L_000002837f1fc350;
L_000002837f189740 .cmp/gt 32, L_000002837f1896a0, L_000002837f1fc398;
L_000002837f189d80 .array/port v000002837f188810, v000002837f1892b0_0;
L_000002837f18a960 .cmp/eq 3, v000002837f189210_0, L_000002837f1fc3e0;
L_000002837f18abe0 .concat [ 3 29 0 0], v000002837f189210_0, L_000002837f1fc428;
L_000002837f18aa00 .cmp/eq 32, L_000002837f18abe0, L_000002837f1fc470;
    .scope S_000002837f0f57a0;
T_0 ;
    %wait E_000002837f144430;
    %load/vec4 v000002837f134ba0_0;
    %flag_set/vec4 8;
    %jmp/0xz  T_0.0, 8;
    %pushi/vec4 0, 0, 4;
    %assign/vec4 v000002837f134c40_0, 0;
    %pushi/vec4 0, 0, 1;
    %assign/vec4 v000002837f1341a0_0, 0;
    %jmp T_0.1;
T_0.0 ;
    %load/vec4 v000002837f1333e0_0;
    %flag_set/vec4 8;
    %jmp/0xz  T_0.2, 8;
    %load/vec4 v000002837f134c40_0;
    %cmpi/e 9, 0, 4;
    %jmp/0xz  T_0.4, 4;
    %pushi/vec4 0, 0, 4;
    %assign/vec4 v000002837f134c40_0, 0;
    %load/vec4 v000002837f1341a0_0;
    %inv;
    %assign/vec4 v000002837f1341a0_0, 0;
    %jmp T_0.5;
T_0.4 ;
    %load/vec4 v000002837f134c40_0;
    %addi 1, 0, 4;
    %assign/vec4 v000002837f134c40_0, 0;
T_0.5 ;
T_0.2 ;
T_0.1 ;
    %jmp T_0;
    .thread T_0;
    .scope S_000002837f0f57a0;
T_1 ;
    %wait E_000002837f144430;
    %load/vec4 v000002837f134ba0_0;
    %flag_set/vec4 8;
    %jmp/0xz  T_1.0, 8;
    %pushi/vec4 0, 0, 4;
    %assign/vec4 v000002837f134060_0, 0;
    %pushi/vec4 0, 0, 1;
    %assign/vec4 v000002837f134600_0, 0;
    %jmp T_1.1;
T_1.0 ;
    %load/vec4 v000002837f134100_0;
    %flag_set/vec4 8;
    %jmp/0xz  T_1.2, 8;
    %load/vec4 v000002837f134060_0;
    %cmpi/e 9, 0, 4;
    %jmp/0xz  T_1.4, 4;
    %pushi/vec4 0, 0, 4;
    %assign/vec4 v000002837f134060_0, 0;
    %load/vec4 v000002837f134600_0;
    %inv;
    %assign/vec4 v000002837f134600_0, 0;
    %jmp T_1.5;
T_1.4 ;
    %load/vec4 v000002837f134060_0;
    %addi 1, 0, 4;
    %assign/vec4 v000002837f134060_0, 0;
T_1.5 ;
T_1.2 ;
T_1.1 ;
    %jmp T_1;
    .thread T_1;
    .scope S_000002837f0f57a0;
T_2 ;
    %wait E_000002837f143cb0;
    %load/vec4 v000002837f1333e0_0;
    %flag_set/vec4 8;
    %jmp/0xz  T_2.0, 8;
    %load/vec4 v000002837f133520_0;
    %load/vec4 v000002837f134c40_0;
    %pad/u 5;
    %ix/vec4 3;
    %ix/load 4, 0, 0; Constant delay
    %assign/vec4/a/d v000002837f1342e0, 0, 4;
T_2.0 ;
    %jmp T_2;
    .thread T_2;
    .scope S_000002837f0e4620;
T_3 ;
    %wait E_000002837f1437f0;
    %load/vec4 v000002837f185e00_0;
    %flag_set/vec4 8;
    %jmp/0xz  T_3.0, 8;
    %pushi/vec4 0, 0, 4;
    %assign/vec4 v000002837f186300_0, 0;
    %pushi/vec4 0, 0, 4;
    %assign/vec4 v000002837f186260_0, 0;
    %pushi/vec4 0, 0, 3;
    %store/vec4 v000002837f1873e0_0, 0, 3;
    %jmp T_3.1;
T_3.0 ;
    %load/vec4 v000002837f186e40_0;
    %flag_set/vec4 9;
    %flag_get/vec4 9;
    %jmp/0 T_3.4, 9;
    %load/vec4 v000002837f1859a0_0;
    %inv;
    %and;
T_3.4;
    %flag_set/vec4 8;
    %jmp/0xz  T_3.2, 8;
    %load/vec4 v000002837f185a40_0;
    %ix/getv 3, v000002837f186300_0;
    %ix/load 4, 0, 0; Constant delay
    %assign/vec4/a/d v000002837f1870c0, 0, 4;
    %load/vec4 v000002837f1873e0_0;
    %addi 1, 0, 3;
    %assign/vec4 v000002837f1873e0_0, 0;
    %load/vec4 v000002837f186300_0;
    %pad/u 33;
    %cmpi/e 3, 0, 33;
    %jmp/0xz  T_3.5, 4;
    %pushi/vec4 0, 0, 4;
    %assign/vec4 v000002837f186300_0, 0;
    %jmp T_3.6;
T_3.5 ;
    %load/vec4 v000002837f186300_0;
    %addi 1, 0, 4;
    %assign/vec4 v000002837f186300_0, 0;
T_3.6 ;
T_3.2 ;
    %load/vec4 v000002837f186120_0;
    %flag_set/vec4 9;
    %flag_get/vec4 9;
    %jmp/0 T_3.9, 9;
    %load/vec4 v000002837f186e40_0;
    %flag_set/vec4 9;
    %flag_get/vec4 9;
    %jmp/0 T_3.10, 9;
    %load/vec4 v000002837f1859a0_0;
    %and;
T_3.10;
    %inv;
    %and;
T_3.9;
    %flag_set/vec4 8;
    %jmp/0xz  T_3.7, 8;
    %load/vec4 v000002837f1873e0_0;
    %subi 1, 0, 3;
    %assign/vec4 v000002837f1873e0_0, 0;
    %load/vec4 v000002837f186260_0;
    %pad/u 33;
    %cmpi/e 3, 0, 33;
    %jmp/0xz  T_3.11, 4;
    %pushi/vec4 0, 0, 4;
    %assign/vec4 v000002837f186260_0, 0;
    %jmp T_3.12;
T_3.11 ;
    %load/vec4 v000002837f186260_0;
    %addi 1, 0, 4;
    %assign/vec4 v000002837f186260_0, 0;
T_3.12 ;
T_3.7 ;
    %load/vec4 v000002837f186e40_0;
    %flag_set/vec4 9;
    %flag_get/vec4 9;
    %jmp/0 T_3.15, 9;
    %load/vec4 v000002837f1859a0_0;
    %and;
T_3.15;
    %flag_set/vec4 8;
    %jmp/0xz  T_3.13, 8;
    %load/vec4 v000002837f185a40_0;
    %ix/getv 3, v000002837f186300_0;
    %ix/load 4, 0, 0; Constant delay
    %assign/vec4/a/d v000002837f1870c0, 0, 4;
    %load/vec4 v000002837f186260_0;
    %pad/u 33;
    %cmpi/e 3, 0, 33;
    %jmp/0xz  T_3.16, 4;
    %pushi/vec4 0, 0, 4;
    %assign/vec4 v000002837f186260_0, 0;
    %jmp T_3.17;
T_3.16 ;
    %load/vec4 v000002837f186260_0;
    %addi 1, 0, 4;
    %assign/vec4 v000002837f186260_0, 0;
T_3.17 ;
    %load/vec4 v000002837f186300_0;
    %pad/u 33;
    %cmpi/e 3, 0, 33;
    %jmp/0xz  T_3.18, 4;
    %pushi/vec4 0, 0, 4;
    %assign/vec4 v000002837f186300_0, 0;
    %jmp T_3.19;
T_3.18 ;
    %load/vec4 v000002837f186300_0;
    %addi 1, 0, 4;
    %assign/vec4 v000002837f186300_0, 0;
T_3.19 ;
T_3.13 ;
T_3.1 ;
    %jmp T_3;
    .thread T_3;
    .scope S_000002837f0e47b0;
T_4 ;
    %wait E_000002837f1437f0;
    %load/vec4 v000002837f187200_0;
    %flag_set/vec4 8;
    %jmp/0xz  T_4.0, 8;
    %pushi/vec4 0, 0, 4;
    %assign/vec4 v000002837f187160_0, 0;
    %pushi/vec4 0, 0, 4;
    %assign/vec4 v000002837f187020_0, 0;
    %pushi/vec4 0, 0, 3;
    %store/vec4 v000002837f185cc0_0, 0, 3;
    %jmp T_4.1;
T_4.0 ;
    %load/vec4 v000002837f1869e0_0;
    %flag_set/vec4 9;
    %flag_get/vec4 9;
    %jmp/0 T_4.4, 9;
    %load/vec4 v000002837f185d60_0;
    %inv;
    %and;
T_4.4;
    %flag_set/vec4 8;
    %jmp/0xz  T_4.2, 8;
    %load/vec4 v000002837f1872a0_0;
    %ix/getv 3, v000002837f187160_0;
    %ix/load 4, 0, 0; Constant delay
    %assign/vec4/a/d v000002837f186940, 0, 4;
    %load/vec4 v000002837f185cc0_0;
    %addi 1, 0, 3;
    %assign/vec4 v000002837f185cc0_0, 0;
    %load/vec4 v000002837f187160_0;
    %pad/u 33;
    %cmpi/e 3, 0, 33;
    %jmp/0xz  T_4.5, 4;
    %pushi/vec4 0, 0, 4;
    %assign/vec4 v000002837f187160_0, 0;
    %jmp T_4.6;
T_4.5 ;
    %load/vec4 v000002837f187160_0;
    %addi 1, 0, 4;
    %assign/vec4 v000002837f187160_0, 0;
T_4.6 ;
T_4.2 ;
    %load/vec4 v000002837f186a80_0;
    %flag_set/vec4 9;
    %flag_get/vec4 9;
    %jmp/0 T_4.9, 9;
    %load/vec4 v000002837f1869e0_0;
    %flag_set/vec4 9;
    %flag_get/vec4 9;
    %jmp/0 T_4.10, 9;
    %load/vec4 v000002837f185d60_0;
    %and;
T_4.10;
    %inv;
    %and;
T_4.9;
    %flag_set/vec4 8;
    %jmp/0xz  T_4.7, 8;
    %load/vec4 v000002837f185cc0_0;
    %subi 1, 0, 3;
    %assign/vec4 v000002837f185cc0_0, 0;
    %load/vec4 v000002837f187020_0;
    %pad/u 33;
    %cmpi/e 3, 0, 33;
    %jmp/0xz  T_4.11, 4;
    %pushi/vec4 0, 0, 4;
    %assign/vec4 v000002837f187020_0, 0;
    %jmp T_4.12;
T_4.11 ;
    %load/vec4 v000002837f187020_0;
    %addi 1, 0, 4;
    %assign/vec4 v000002837f187020_0, 0;
T_4.12 ;
T_4.7 ;
    %load/vec4 v000002837f1869e0_0;
    %flag_set/vec4 9;
    %flag_get/vec4 9;
    %jmp/0 T_4.15, 9;
    %load/vec4 v000002837f185d60_0;
    %and;
T_4.15;
    %flag_set/vec4 8;
    %jmp/0xz  T_4.13, 8;
    %load/vec4 v000002837f1872a0_0;
    %ix/getv 3, v000002837f187160_0;
    %ix/load 4, 0, 0; Constant delay
    %assign/vec4/a/d v000002837f186940, 0, 4;
    %load/vec4 v000002837f187020_0;
    %pad/u 33;
    %cmpi/e 3, 0, 33;
    %jmp/0xz  T_4.16, 4;
    %pushi/vec4 0, 0, 4;
    %assign/vec4 v000002837f187020_0, 0;
    %jmp T_4.17;
T_4.16 ;
    %load/vec4 v000002837f187020_0;
    %addi 1, 0, 4;
    %assign/vec4 v000002837f187020_0, 0;
T_4.17 ;
    %load/vec4 v000002837f187160_0;
    %pad/u 33;
    %cmpi/e 3, 0, 33;
    %jmp/0xz  T_4.18, 4;
    %pushi/vec4 0, 0, 4;
    %assign/vec4 v000002837f187160_0, 0;
    %jmp T_4.19;
T_4.18 ;
    %load/vec4 v000002837f187160_0;
    %addi 1, 0, 4;
    %assign/vec4 v000002837f187160_0, 0;
T_4.19 ;
T_4.13 ;
T_4.1 ;
    %jmp T_4;
    .thread T_4;
    .scope S_000002837f0de610;
T_5 ;
    %wait E_000002837f1437f0;
    %load/vec4 v000002837f188e50_0;
    %flag_set/vec4 8;
    %jmp/0xz  T_5.0, 8;
    %pushi/vec4 0, 0, 4;
    %assign/vec4 v000002837f188090_0, 0;
    %pushi/vec4 0, 0, 4;
    %assign/vec4 v000002837f1892b0_0, 0;
    %pushi/vec4 0, 0, 3;
    %store/vec4 v000002837f189210_0, 0, 3;
    %jmp T_5.1;
T_5.0 ;
    %load/vec4 v000002837f188c70_0;
    %flag_set/vec4 9;
    %flag_get/vec4 9;
    %jmp/0 T_5.4, 9;
    %load/vec4 v000002837f188270_0;
    %inv;
    %and;
T_5.4;
    %flag_set/vec4 8;
    %jmp/0xz  T_5.2, 8;
    %load/vec4 v000002837f188d10_0;
    %ix/getv 3, v000002837f188090_0;
    %ix/load 4, 0, 0; Constant delay
    %assign/vec4/a/d v000002837f188810, 0, 4;
    %load/vec4 v000002837f189210_0;
    %addi 1, 0, 3;
    %assign/vec4 v000002837f189210_0, 0;
    %load/vec4 v000002837f188090_0;
    %pad/u 33;
    %cmpi/e 3, 0, 33;
    %jmp/0xz  T_5.5, 4;
    %pushi/vec4 0, 0, 4;
    %assign/vec4 v000002837f188090_0, 0;
    %jmp T_5.6;
T_5.5 ;
    %load/vec4 v000002837f188090_0;
    %addi 1, 0, 4;
    %assign/vec4 v000002837f188090_0, 0;
T_5.6 ;
T_5.2 ;
    %load/vec4 v000002837f187c30_0;
    %flag_set/vec4 9;
    %flag_get/vec4 9;
    %jmp/0 T_5.9, 9;
    %load/vec4 v000002837f188c70_0;
    %flag_set/vec4 9;
    %flag_get/vec4 9;
    %jmp/0 T_5.10, 9;
    %load/vec4 v000002837f188270_0;
    %and;
T_5.10;
    %inv;
    %and;
T_5.9;
    %flag_set/vec4 8;
    %jmp/0xz  T_5.7, 8;
    %load/vec4 v000002837f189210_0;
    %subi 1, 0, 3;
    %assign/vec4 v000002837f189210_0, 0;
    %load/vec4 v000002837f1892b0_0;
    %pad/u 33;
    %cmpi/e 3, 0, 33;
    %jmp/0xz  T_5.11, 4;
    %pushi/vec4 0, 0, 4;
    %assign/vec4 v000002837f1892b0_0, 0;
    %jmp T_5.12;
T_5.11 ;
    %load/vec4 v000002837f1892b0_0;
    %addi 1, 0, 4;
    %assign/vec4 v000002837f1892b0_0, 0;
T_5.12 ;
T_5.7 ;
    %load/vec4 v000002837f188c70_0;
    %flag_set/vec4 9;
    %flag_get/vec4 9;
    %jmp/0 T_5.15, 9;
    %load/vec4 v000002837f188270_0;
    %and;
T_5.15;
    %flag_set/vec4 8;
    %jmp/0xz  T_5.13, 8;
    %load/vec4 v000002837f188d10_0;
    %ix/getv 3, v000002837f188090_0;
    %ix/load 4, 0, 0; Constant delay
    %assign/vec4/a/d v000002837f188810, 0, 4;
    %load/vec4 v000002837f1892b0_0;
    %pad/u 33;
    %cmpi/e 3, 0, 33;
    %jmp/0xz  T_5.16, 4;
    %pushi/vec4 0, 0, 4;
    %assign/vec4 v000002837f1892b0_0, 0;
    %jmp T_5.17;
T_5.16 ;
    %load/vec4 v000002837f1892b0_0;
    %addi 1, 0, 4;
    %assign/vec4 v000002837f1892b0_0, 0;
T_5.17 ;
    %load/vec4 v000002837f188090_0;
    %pad/u 33;
    %cmpi/e 3, 0, 33;
    %jmp/0xz  T_5.18, 4;
    %pushi/vec4 0, 0, 4;
    %assign/vec4 v000002837f188090_0, 0;
    %jmp T_5.19;
T_5.18 ;
    %load/vec4 v000002837f188090_0;
    %addi 1, 0, 4;
    %assign/vec4 v000002837f188090_0, 0;
T_5.19 ;
T_5.13 ;
T_5.1 ;
    %jmp T_5;
    .thread T_5;
    .scope S_000002837f140fb0;
T_6 ;
    %pushi/vec4 0, 0, 32;
    %store/vec4 v000002837f18a8c0_0, 0, 32;
    %pushi/vec4 0, 0, 1;
    %store/vec4 v000002837f189a60_0, 0, 1;
    %end;
    .thread T_6, $init;
    .scope S_000002837f140fb0;
T_7 ;
    %pushi/vec4 1, 0, 1;
    %store/vec4 v000002837f18b4a0_0, 0, 1;
T_7.0 ;
    %delay 5, 0;
    %load/vec4 v000002837f18b4a0_0;
    %inv;
    %store/vec4 v000002837f18b4a0_0, 0, 1;
    %jmp T_7.0;
    %end;
    .thread T_7;
    .scope S_000002837f140fb0;
T_8 ;
    %pushi/vec4 10000, 0, 32;
T_8.0 %dup/vec4;
    %pushi/vec4 0, 0, 32;
    %cmp/s;
    %jmp/1xz T_8.1, 5;
    %jmp/1 T_8.1, 4;
    %pushi/vec4 1, 0, 32;
    %sub;
    %wait E_000002837f1437f0;
    %jmp T_8.0;
T_8.1 ;
    %pop/vec4 1;
    %vpi_call/w 5 49 "$display", "Timeout!" {0 0 0};
    %vpi_call/w 5 50 "$finish" {0 0 0};
    %end;
    .thread T_8;
    .scope S_000002837f140fb0;
T_9 ;
    %wait E_000002837f1437f0;
    %vpi_call/w 5 60 "$write", "time %7d cycle %5d", $time, v000002837f18a8c0_0 {0 0 0};
    %load/vec4 v000002837f18a8c0_0;
    %addi 1, 0, 32;
    %cast2;
    %assign/vec4 v000002837f18a8c0_0, 0;
    %load/vec4 v000002837f18aaa0_0;
    %flag_set/vec4 8;
    %jmp/0xz  T_9.0, 8;
    %vpi_call/w 5 63 "$write", " rst" {0 0 0};
    %jmp T_9.1;
T_9.0 ;
    %vpi_call/w 5 63 "$write", "    " {0 0 0};
T_9.1 ;
    %load/vec4 v000002837f18a820_0;
    %flag_set/vec4 8;
    %jmp/0xz  T_9.2, 8;
    %vpi_call/w 5 65 "$write", " a_valid" {0 0 0};
    %jmp T_9.3;
T_9.2 ;
    %vpi_call/w 5 65 "$write", "        " {0 0 0};
T_9.3 ;
    %load/vec4 v000002837f18af00_0;
    %flag_set/vec4 8;
    %jmp/0xz  T_9.4, 8;
    %vpi_call/w 5 66 "$write", " a_ready" {0 0 0};
    %jmp T_9.5;
T_9.4 ;
    %vpi_call/w 5 66 "$write", "        " {0 0 0};
T_9.5 ;
    %load/vec4 v000002837f18a820_0;
    %load/vec4 v000002837f18af00_0;
    %and;
    %flag_set/vec4 8;
    %jmp/0xz  T_9.6, 8;
    %vpi_call/w 5 69 "$write", " %h", v000002837f18a6e0_0 {0 0 0};
    %jmp T_9.7;
T_9.6 ;
    %vpi_call/w 5 71 "$write", "  " {0 0 0};
T_9.7 ;
    %load/vec4 v000002837f18ad20_0;
    %flag_set/vec4 8;
    %jmp/0xz  T_9.8, 8;
    %vpi_call/w 5 73 "$write", " b_valid" {0 0 0};
    %jmp T_9.9;
T_9.8 ;
    %vpi_call/w 5 73 "$write", "        " {0 0 0};
T_9.9 ;
    %load/vec4 v000002837f1897e0_0;
    %flag_set/vec4 8;
    %jmp/0xz  T_9.10, 8;
    %vpi_call/w 5 74 "$write", " b_ready" {0 0 0};
    %jmp T_9.11;
T_9.10 ;
    %vpi_call/w 5 74 "$write", "        " {0 0 0};
T_9.11 ;
    %load/vec4 v000002837f18ad20_0;
    %load/vec4 v000002837f1897e0_0;
    %and;
    %flag_set/vec4 8;
    %jmp/0xz  T_9.12, 8;
    %vpi_call/w 5 77 "$write", " %h", v000002837f189880_0 {0 0 0};
    %jmp T_9.13;
T_9.12 ;
    %vpi_call/w 5 79 "$write", "  " {0 0 0};
T_9.13 ;
    %load/vec4 v000002837f18a500_0;
    %flag_set/vec4 8;
    %jmp/0xz  T_9.14, 8;
    %vpi_call/w 5 81 "$write", " sum_valid" {0 0 0};
    %jmp T_9.15;
T_9.14 ;
    %vpi_call/w 5 81 "$write", "          " {0 0 0};
T_9.15 ;
    %load/vec4 v000002837f18b0e0_0;
    %flag_set/vec4 8;
    %jmp/0xz  T_9.16, 8;
    %vpi_call/w 5 82 "$write", " sum_ready" {0 0 0};
    %jmp T_9.17;
T_9.16 ;
    %vpi_call/w 5 82 "$write", "          " {0 0 0};
T_9.17 ;
    %load/vec4 v000002837f18a500_0;
    %load/vec4 v000002837f18b0e0_0;
    %and;
    %flag_set/vec4 8;
    %jmp/0xz  T_9.18, 8;
    %vpi_call/w 5 85 "$write", " %h", v000002837f18afa0_0 {0 0 0};
    %jmp T_9.19;
T_9.18 ;
    %vpi_call/w 5 87 "$write", "  " {0 0 0};
T_9.19 ;
    %vpi_call/w 5 89 "$display" {0 0 0};
    %jmp T_9;
    .thread T_9;
    .scope S_000002837f140fb0;
T_10 ;
    %wait E_000002837f1437f0;
    %load/vec4 v000002837f18aaa0_0;
    %flag_set/vec4 8;
    %jmp/0xz  T_10.0, 8;
    %ix/load 4, 0, 0;
    %null;
    %store/obj v000002837f18a320_0;
    %ix/load 4, 0, 0;
    %null;
    %store/obj v000002837f18a460_0;
    %pushi/vec4 1, 0, 1;
    %store/vec4 v000002837f189a60_0, 0, 1;
    %jmp T_10.1;
T_10.0 ;
    %load/vec4 v000002837f189a60_0;
    %flag_set/vec4 8;
    %jmp/0xz  T_10.2, 8;
    %load/vec4 v000002837f18a820_0;
    %load/vec4 v000002837f18af00_0;
    %and;
    %flag_set/vec4 8;
    %jmp/0xz  T_10.4, 8;
    %ix/load 4, 0, 0;
    %load/vec4 v000002837f18a6e0_0;
    %store/qb/v v000002837f18a320_0, 4, 4;
T_10.4 ;
    %load/vec4 v000002837f18ad20_0;
    %load/vec4 v000002837f1897e0_0;
    %and;
    %flag_set/vec4 8;
    %jmp/0xz  T_10.6, 8;
    %ix/load 4, 0, 0;
    %load/vec4 v000002837f189880_0;
    %store/qb/v v000002837f18a460_0, 4, 4;
T_10.6 ;
    %load/vec4 v000002837f18a500_0;
    %load/vec4 v000002837f18b0e0_0;
    %and;
    %flag_set/vec4 8;
    %jmp/0xz  T_10.8, 8;
    %vpi_func 5 125 "$size" 32, v000002837f18a320_0 {0 0 0};
    %cmpi/e 0, 0, 32;
    %jmp/1 T_10.12, 4;
    %flag_mov 8, 4;
    %vpi_func 5 125 "$size" 32, v000002837f18a460_0 {0 0 0};
    %cmpi/e 0, 0, 32;
    %flag_or 4, 8;
T_10.12;
    %jmp/0xz  T_10.10, 4;
    %vpi_call/w 5 127 "$display", "\012ERROR: unexpected sum %h", v000002837f18afa0_0 {0 0 0};
    %jmp T_10.11;
T_10.10 ;
    %ix/load 3, 0, 0;
    %flag_set/imm 4, 0;
    %load/dar/vec4 v000002837f18a320_0;
    %ix/load 3, 0, 0;
    %flag_set/imm 4, 0;
    %load/dar/vec4 v000002837f18a460_0;
    %add;
    %store/vec4 v000002837f18a000_0, 0, 4;
    %ix/load 3, 0, 0;
    %flag_set/imm 4, 0;
    %delete/elem v000002837f18a320_0;
    %ix/load 3, 0, 0;
    %flag_set/imm 4, 0;
    %delete/elem v000002837f18a460_0;
    %load/vec4 v000002837f18a000_0;
    %load/vec4 v000002837f18afa0_0;
    %cmp/ne;
    %jmp/0xz  T_10.13, 6;
    %vpi_call/w 5 142 "$display", "\012ERROR: downstream data mismatch. Expected %h, actual %h", v000002837f18a000_0, v000002837f18afa0_0 {0 0 0};
T_10.13 ;
T_10.11 ;
T_10.8 ;
T_10.2 ;
T_10.1 ;
    %jmp T_10;
    .thread T_10;
    .scope S_000002837f140fb0;
T_11 ;
    %vpi_func 5 156 "$size" 32, v000002837f18a320_0 {0 0 0};
    %cmpi/ne 0, 0, 32;
    %jmp/0xz  T_11.0, 4;
    %vpi_call/w 5 158 "$write", "\012ERROR: data is left sitting in the model a_queue:" {0 0 0};
    %fork t_1, S_000002837f0f5930;
    %jmp t_0;
    .scope S_000002837f0f5930;
t_1 ;
    %pushi/vec4 0, 0, 32;
    %store/vec4 v000002837f134560_0, 0, 32;
T_11.2 ;
    %load/vec4 v000002837f134560_0;
    %vpi_func 5 160 "$size" 32, v000002837f18a320_0 {0 0 0};
    %cmp/s;
    %jmp/0xz T_11.3, 5;
    %vpi_func 5 161 "$size" 32, v000002837f18a320_0 {0 0 0};
    %load/vec4 v000002837f134560_0;
    %sub;
    %subi 1, 0, 32;
    %ix/vec4/s 3;
    %load/dar/vec4 v000002837f18a320_0;
    %vpi_call/w 5 161 "$write", " %h", S<0,vec4,u4> {1 0 0};
    ; show_stmt_assign_vector: Get l-value for compressed += operand
    %load/vec4 v000002837f134560_0;
    %pushi/vec4 1, 0, 32;
    %add;
    %cast2;
    %store/vec4 v000002837f134560_0, 0, 32;
    %jmp T_11.2;
T_11.3 ;
    %end;
    .scope S_000002837f140fb0;
t_0 %join;
    %vpi_call/w 5 163 "$display" {0 0 0};
T_11.0 ;
    %vpi_func 5 166 "$size" 32, v000002837f18a460_0 {0 0 0};
    %cmpi/ne 0, 0, 32;
    %jmp/0xz  T_11.4, 4;
    %vpi_call/w 5 168 "$write", "\012ERROR: data is left sitting in the model b_queue:" {0 0 0};
    %fork t_3, S_000002837f0ed550;
    %jmp t_2;
    .scope S_000002837f0ed550;
t_3 ;
    %pushi/vec4 0, 0, 32;
    %store/vec4 v000002837f134880_0, 0, 32;
T_11.6 ;
    %load/vec4 v000002837f134880_0;
    %vpi_func 5 170 "$size" 32, v000002837f18a460_0 {0 0 0};
    %cmp/s;
    %jmp/0xz T_11.7, 5;
    %vpi_func 5 171 "$size" 32, v000002837f18a460_0 {0 0 0};
    %load/vec4 v000002837f134880_0;
    %sub;
    %subi 1, 0, 32;
    %ix/vec4/s 3;
    %load/dar/vec4 v000002837f18a460_0;
    %vpi_call/w 5 171 "$write", " %h", S<0,vec4,u4> {1 0 0};
    ; show_stmt_assign_vector: Get l-value for compressed += operand
    %load/vec4 v000002837f134880_0;
    %pushi/vec4 1, 0, 32;
    %add;
    %cast2;
    %store/vec4 v000002837f134880_0, 0, 32;
    %jmp T_11.6;
T_11.7 ;
    %end;
    .scope S_000002837f140fb0;
t_2 %join;
    %vpi_call/w 5 173 "$display" {0 0 0};
T_11.4 ;
    %end;
    .thread T_11, $final;
    .scope S_000002837f140fb0;
T_12 ;
    %wait E_000002837f1437f0;
    %load/vec4 v000002837f18aaa0_0;
    %flag_set/vec4 8;
    %jmp/0xz  T_12.0, 8;
    %pushi/vec4 0, 0, 33;
    %assign/vec4 v000002837f189e20_0, 0;
    %pushi/vec4 0, 0, 33;
    %assign/vec4 v000002837f1899c0_0, 0;
    %pushi/vec4 0, 0, 33;
    %assign/vec4 v000002837f189c40_0, 0;
    %pushi/vec4 0, 0, 33;
    %assign/vec4 v000002837f18ae60_0, 0;
    %jmp T_12.1;
T_12.0 ;
    %load/vec4 v000002837f189e20_0;
    %addi 1, 0, 33;
    %assign/vec4 v000002837f189e20_0, 0;
    %load/vec4 v000002837f18a820_0;
    %load/vec4 v000002837f18af00_0;
    %and;
    %flag_set/vec4 8;
    %jmp/0xz  T_12.2, 8;
    %load/vec4 v000002837f1899c0_0;
    %addi 1, 0, 33;
    %assign/vec4 v000002837f1899c0_0, 0;
T_12.2 ;
    %load/vec4 v000002837f18ad20_0;
    %load/vec4 v000002837f1897e0_0;
    %and;
    %flag_set/vec4 8;
    %jmp/0xz  T_12.4, 8;
    %load/vec4 v000002837f189c40_0;
    %addi 1, 0, 33;
    %assign/vec4 v000002837f189c40_0, 0;
T_12.4 ;
    %load/vec4 v000002837f18a500_0;
    %load/vec4 v000002837f18b0e0_0;
    %and;
    %flag_set/vec4 8;
    %jmp/0xz  T_12.6, 8;
    %load/vec4 v000002837f18ae60_0;
    %addi 1, 0, 33;
    %assign/vec4 v000002837f18ae60_0, 0;
T_12.6 ;
T_12.1 ;
    %jmp T_12;
    .thread T_12;
    .scope S_000002837f140fb0;
T_13 ;
    %vpi_call/w 5 203 "$display", "\012\012number of sum transfers : %0d per %0d cycles", v000002837f18ae60_0, v000002837f189e20_0 {0 0 0};
    %load/vec4 v000002837f1899c0_0;
    %load/vec4 v000002837f189c40_0;
    %cmp/ne;
    %flag_get/vec4 4;
    %load/vec4 v000002837f1899c0_0;
    %load/vec4 v000002837f18ae60_0;
    %cmp/ne;
    %flag_get/vec4 4;
    %or;
    %flag_set/vec4 8;
    %jmp/0xz  T_13.0, 8;
    %vpi_call/w 5 207 "$display", "\012ERROR: number of transfers do not match: a: %0d b: %0s sum %0d", v000002837f1899c0_0, v000002837f189c40_0, v000002837f18ae60_0 {0 0 0};
T_13.0 ;
    %end;
    .thread T_13, $final;
    .scope S_000002837f140fb0;
T_14 ;
    %pushi/vec4 0, 0, 1;
    %assign/vec4 v000002837f18a820_0, 0;
    %pushi/vec4 0, 0, 1;
    %assign/vec4 v000002837f18ad20_0, 0;
    %pushi/vec4 0, 0, 1;
    %assign/vec4 v000002837f18b0e0_0, 0;
    %pushi/vec4 3, 0, 32;
T_14.0 %dup/vec4;
    %pushi/vec4 0, 0, 32;
    %cmp/s;
    %jmp/1xz T_14.1, 5;
    %jmp/1 T_14.1, 4;
    %pushi/vec4 1, 0, 32;
    %sub;
    %wait E_000002837f1437f0;
    %jmp T_14.0;
T_14.1 ;
    %pop/vec4 1;
    %pushi/vec4 1, 0, 1;
    %assign/vec4 v000002837f18aaa0_0, 0;
    %pushi/vec4 3, 0, 32;
T_14.2 %dup/vec4;
    %pushi/vec4 0, 0, 32;
    %cmp/s;
    %jmp/1xz T_14.3, 5;
    %jmp/1 T_14.3, 4;
    %pushi/vec4 1, 0, 32;
    %sub;
    %wait E_000002837f1437f0;
    %jmp T_14.2;
T_14.3 ;
    %pop/vec4 1;
    %pushi/vec4 0, 0, 1;
    %assign/vec4 v000002837f18aaa0_0, 0;
    %vpi_call/w 5 242 "$display", "*** Run back-to-back" {0 0 0};
    %pushi/vec4 1, 0, 1;
    %assign/vec4 v000002837f18a820_0, 0;
    %pushi/vec4 1, 0, 1;
    %assign/vec4 v000002837f18ad20_0, 0;
    %pushi/vec4 1, 0, 1;
    %assign/vec4 v000002837f18b0e0_0, 0;
    %pushi/vec4 20, 0, 32;
T_14.4 %dup/vec4;
    %pushi/vec4 0, 0, 32;
    %cmp/s;
    %jmp/1xz T_14.5, 5;
    %jmp/1 T_14.5, 4;
    %pushi/vec4 1, 0, 32;
    %sub;
    %wait E_000002837f1437f0;
    %jmp T_14.4;
T_14.5 ;
    %pop/vec4 1;
    %vpi_call/w 5 250 "$display", "*** Supplying only \042a\042" {0 0 0};
T_14.6 ;
    %load/vec4 v000002837f1897e0_0;
    %inv;
    %flag_set/vec4 8;
    %jmp/0xz T_14.7, 8;
    %wait E_000002837f1437f0;
    %jmp T_14.6;
T_14.7 ;
    %pushi/vec4 0, 0, 1;
    %assign/vec4 v000002837f18ad20_0, 0;
    %pushi/vec4 20, 0, 32;
T_14.8 %dup/vec4;
    %pushi/vec4 0, 0, 32;
    %cmp/s;
    %jmp/1xz T_14.9, 5;
    %jmp/1 T_14.9, 4;
    %pushi/vec4 1, 0, 32;
    %sub;
    %wait E_000002837f1437f0;
    %jmp T_14.8;
T_14.9 ;
    %pop/vec4 1;
    %vpi_call/w 5 261 "$display", "*** Supplying only \042b\042" {0 0 0};
    %pushi/vec4 1, 0, 1;
    %assign/vec4 v000002837f18ad20_0, 0;
T_14.10 ;
    %load/vec4 v000002837f18af00_0;
    %inv;
    %flag_set/vec4 8;
    %jmp/0xz T_14.11, 8;
    %wait E_000002837f1437f0;
    %jmp T_14.10;
T_14.11 ;
    %pushi/vec4 0, 0, 1;
    %assign/vec4 v000002837f18a820_0, 0;
    %pushi/vec4 20, 0, 32;
T_14.12 %dup/vec4;
    %pushi/vec4 0, 0, 32;
    %cmp/s;
    %jmp/1xz T_14.13, 5;
    %jmp/1 T_14.13, 4;
    %pushi/vec4 1, 0, 32;
    %sub;
    %wait E_000002837f1437f0;
    %jmp T_14.12;
T_14.13 ;
    %pop/vec4 1;
    %vpi_call/w 5 274 "$display", "*** Applying backpressure" {0 0 0};
    %pushi/vec4 1, 0, 1;
    %assign/vec4 v000002837f18a820_0, 0;
    %pushi/vec4 1, 0, 1;
    %assign/vec4 v000002837f18ad20_0, 0;
    %pushi/vec4 0, 0, 1;
    %assign/vec4 v000002837f18b0e0_0, 0;
    %pushi/vec4 20, 0, 32;
T_14.14 %dup/vec4;
    %pushi/vec4 0, 0, 32;
    %cmp/s;
    %jmp/1xz T_14.15, 5;
    %jmp/1 T_14.15, 4;
    %pushi/vec4 1, 0, 32;
    %sub;
    %wait E_000002837f1437f0;
    %jmp T_14.14;
T_14.15 ;
    %pop/vec4 1;
    %vpi_call/w 5 282 "$display", "*** Random" {0 0 0};
T_14.16 ;
    %load/vec4 v000002837f18ae60_0;
    %cmpi/ne 100, 0, 33;
    %jmp/0xz T_14.17, 4;
    %load/vec4 v000002837f1899c0_0;
    %cmpi/u 100, 0, 33;
    %flag_or 5, 4;
    %jmp/0xz  T_14.18, 5;
    %jmp T_14.19;
T_14.18 ;
    %vpi_call/w 5 287 "$error" {0 0 0};
T_14.19 ;
    %load/vec4 v000002837f1899c0_0;
    %pushi/vec4 100, 0, 33;
    %cmp/e;
    %flag_get/vec4 4;
    %load/vec4 v000002837f1899c0_0;
    %pushi/vec4 99, 0, 33;
    %cmp/e;
    %flag_get/vec4 4;
    %load/vec4 v000002837f18a820_0;
    %and;
    %load/vec4 v000002837f18af00_0;
    %and;
    %or;
    %flag_set/vec4 8;
    %jmp/0xz  T_14.20, 8;
    %pushi/vec4 0, 0, 1;
    %assign/vec4 v000002837f18a820_0, 0;
    %jmp T_14.21;
T_14.20 ;
    %load/vec4 v000002837f18a820_0;
    %inv;
    %load/vec4 v000002837f18af00_0;
    %or;
    %flag_set/vec4 8;
    %jmp/0xz  T_14.22, 8;
    %vpi_func 5 296 "$urandom" 32 {0 0 0};
    %pad/u 1;
    %assign/vec4 v000002837f18a820_0, 0;
T_14.22 ;
T_14.21 ;
    %load/vec4 v000002837f189c40_0;
    %cmpi/u 100, 0, 33;
    %flag_or 5, 4;
    %jmp/0xz  T_14.24, 5;
    %jmp T_14.25;
T_14.24 ;
    %vpi_call/w 5 300 "$error" {0 0 0};
T_14.25 ;
    %load/vec4 v000002837f189c40_0;
    %pushi/vec4 100, 0, 33;
    %cmp/e;
    %flag_get/vec4 4;
    %load/vec4 v000002837f189c40_0;
    %pushi/vec4 99, 0, 33;
    %cmp/e;
    %flag_get/vec4 4;
    %load/vec4 v000002837f18ad20_0;
    %and;
    %load/vec4 v000002837f1897e0_0;
    %and;
    %or;
    %flag_set/vec4 8;
    %jmp/0xz  T_14.26, 8;
    %pushi/vec4 0, 0, 1;
    %assign/vec4 v000002837f18ad20_0, 0;
    %jmp T_14.27;
T_14.26 ;
    %load/vec4 v000002837f18ad20_0;
    %inv;
    %load/vec4 v000002837f1897e0_0;
    %or;
    %flag_set/vec4 8;
    %jmp/0xz  T_14.28, 8;
    %vpi_func 5 309 "$urandom" 32 {0 0 0};
    %pad/u 1;
    %assign/vec4 v000002837f18ad20_0, 0;
T_14.28 ;
T_14.27 ;
    %vpi_func 5 312 "$urandom" 32 {0 0 0};
    %pad/u 1;
    %assign/vec4 v000002837f18b0e0_0, 0;
    %wait E_000002837f1437f0;
    %jmp T_14.16;
T_14.17 ;
    %vpi_call/w 5 317 "$display", "*** Draining the results" {0 0 0};
    %pushi/vec4 1, 0, 1;
    %assign/vec4 v000002837f18b0e0_0, 0;
    %pushi/vec4 11, 0, 32;
T_14.30 %dup/vec4;
    %pushi/vec4 0, 0, 32;
    %cmp/s;
    %jmp/1xz T_14.31, 5;
    %jmp/1 T_14.31, 4;
    %pushi/vec4 1, 0, 32;
    %sub;
    %wait E_000002837f1437f0;
    %jmp T_14.30;
T_14.31 ;
    %pop/vec4 1;
    %vpi_call/w 5 322 "$display", "%s PASS", "tb.sv" {0 0 0};
    %vpi_call/w 5 323 "$finish" {0 0 0};
    %end;
    .thread T_14;
    .scope S_000002837f140fb0;
T_15 ;
    %wait E_000002837f1437f0;
    %load/vec4 v000002837f18aaa0_0;
    %flag_set/vec4 8;
    %jmp/0xz  T_15.0, 8;
    %pushi/vec4 0, 0, 4;
    %assign/vec4 v000002837f18a6e0_0, 0;
    %jmp T_15.1;
T_15.0 ;
    %load/vec4 v000002837f18a820_0;
    %load/vec4 v000002837f18af00_0;
    %and;
    %flag_set/vec4 8;
    %jmp/0xz  T_15.2, 8;
    %vpi_func 5 333 "$urandom" 32 {0 0 0};
    %pad/u 4;
    %assign/vec4 v000002837f18a6e0_0, 0;
T_15.2 ;
T_15.1 ;
    %jmp T_15;
    .thread T_15;
    .scope S_000002837f140fb0;
T_16 ;
    %wait E_000002837f1437f0;
    %load/vec4 v000002837f18aaa0_0;
    %flag_set/vec4 8;
    %jmp/0xz  T_16.0, 8;
    %pushi/vec4 0, 0, 4;
    %assign/vec4 v000002837f189880_0, 0;
    %jmp T_16.1;
T_16.0 ;
    %load/vec4 v000002837f18ad20_0;
    %load/vec4 v000002837f1897e0_0;
    %and;
    %flag_set/vec4 8;
    %jmp/0xz  T_16.2, 8;
    %vpi_func 5 339 "$urandom" 32 {0 0 0};
    %pad/u 4;
    %assign/vec4 v000002837f189880_0, 0;
T_16.2 ;
T_16.1 ;
    %jmp T_16;
    .thread T_16;
# The file index is used to find the file name in the following table.
:file_names 8;
    "N/A";
    "<interactive>";
    "-";
    "ff_fifo_wrapped_in_valid_ready.sv";
    "flip_flop_fifo.sv";
    "tb.sv";
    "a_plus_b_using_fifos.sv";
    "my_fifo.sv";
