#! /c/Source/iverilog-install/bin/vvp
:ivl_version "12.0 (devel)" "(s20150603-1539-g2693dd32b)";
:ivl_delay_selection "TYPICAL";
:vpi_time_precision + 0;
:vpi_module "C:\iverilog\lib\ivl\system.vpi";
:vpi_module "C:\iverilog\lib\ivl\vhdl_sys.vpi";
:vpi_module "C:\iverilog\lib\ivl\vhdl_textio.vpi";
:vpi_module "C:\iverilog\lib\ivl\v2005_math.vpi";
:vpi_module "C:\iverilog\lib\ivl\va_math.vpi";
:vpi_module "C:\iverilog\lib\ivl\v2009.vpi";
S_00000265a56116a0 .scope package, "$unit" "$unit" 2 1;
 .timescale 0 0;
S_00000265a560e4d0 .scope module, "testbench" "testbench" 3 1;
 .timescale 0 0;
P_00000265a560fd00 .param/l "n" 1 3 28, +C4<00000000000000000000000000011000>;
P_00000265a560fd38 .param/l "seq_a" 1 3 34, C4<001101011001100110101000>;
P_00000265a560fd70 .param/l "seq_det4bit" 1 3 37, C4<000000010000000000001010>;
P_00000265a560fda8 .param/l "seq_det6bit" 1 3 38, C4<000000000000010001000000>;
v00000265a566a7d0_0 .var "a", 0 0;
v00000265a566aff0_0 .var "clk", 0 0;
v00000265a566aaf0_0 .net "det4bit", 0 0, L_00000265a566ac30;  1 drivers
v00000265a566ab90_0 .net "det6bit", 0 0, L_00000265a566acd0;  1 drivers
v00000265a566a870_0 .var "rst", 0 0;
E_00000265a56123c0 .event negedge, v00000265a55c26f0_0;
S_00000265a55fd780 .scope begin, "$ivl_for_loop0" "$ivl_for_loop0" 3 53, 3 53 0, S_00000265a560e4d0;
 .timescale 0 0;
v00000265a544cab0_0 .var/2s "i", 31 0;
E_00000265a5611ec0 .event posedge, v00000265a55c2510_0;
S_00000265a55fd910 .scope module, "det4b" "detect_4_bit_sequence_using_fsm" 3 25, 4 5 0, S_00000265a560e4d0;
 .timescale 0 0;
    .port_info 0 /INPUT 1 "clk";
    .port_info 1 /INPUT 1 "rst";
    .port_info 2 /INPUT 1 "a";
    .port_info 3 /OUTPUT 1 "detected";
enum00000265a5606cb0 .enum4 (3)
   "IDLE" 3'b000,
   "F1" 3'b001,
   "F0" 3'b010,
   "S1" 3'b011,
   "S0" 3'b100
 ;
L_00000265a5720088 .functor BUFT 1, C4<100>, C4<0>, C4<0>, C4<0>;
v00000265a55fdaa0_0 .net/2u *"_ivl_0", 2 0, L_00000265a5720088;  1 drivers
v00000265a55fdb40_0 .net "a", 0 0, v00000265a566a7d0_0;  1 drivers
v00000265a55c2510_0 .net "clk", 0 0, v00000265a566aff0_0;  1 drivers
v00000265a55c25b0_0 .net "detected", 0 0, L_00000265a566ac30;  alias, 1 drivers
v00000265a55c2650_0 .var "new_state", 2 0;
v00000265a55c26f0_0 .net "rst", 0 0, v00000265a566a870_0;  1 drivers
v00000265a55c2790_0 .var "state", 2 0;
E_00000265a5612100 .event anyedge, v00000265a55c2790_0, v00000265a55fdb40_0;
L_00000265a566ac30 .cmp/eq 3, v00000265a55c2790_0, L_00000265a5720088;
S_00000265a566a2d0 .scope module, "det6b" "detect_6_bit_sequence_using_fsm" 3 26, 4 64 0, S_00000265a560e4d0;
 .timescale 0 0;
    .port_info 0 /INPUT 1 "clk";
    .port_info 1 /INPUT 1 "rst";
    .port_info 2 /INPUT 1 "a";
    .port_info 3 /OUTPUT 1 "detected";
enum00000265a5606d50 .enum4 (3)
   "RESTART" 3'b000,
   "S1" 3'b001,
   "S2" 3'b010,
   "S3" 3'b011,
   "S4" 3'b100,
   "S5" 3'b101,
   "S6" 3'b110
 ;
L_00000265a57200d0 .functor BUFT 1, C4<110>, C4<0>, C4<0>, C4<0>;
v00000265a55c2830_0 .net/2u *"_ivl_0", 2 0, L_00000265a57200d0;  1 drivers
v00000265a566a9b0_0 .net "a", 0 0, v00000265a566a7d0_0;  alias, 1 drivers
v00000265a566aeb0_0 .net "clk", 0 0, v00000265a566aff0_0;  alias, 1 drivers
v00000265a566af50_0 .net "detected", 0 0, L_00000265a566acd0;  alias, 1 drivers
v00000265a566b130_0 .var "new_state", 2 0;
v00000265a566aa50_0 .net "rst", 0 0, v00000265a566a870_0;  alias, 1 drivers
v00000265a566a910_0 .var "state", 2 0;
E_00000265a5611e40 .event anyedge, v00000265a566a910_0, v00000265a55fdb40_0;
L_00000265a566acd0 .cmp/eq 3, v00000265a566a910_0, L_00000265a57200d0;
    .scope S_00000265a55fd910;
T_0 ;
Ewait_0 .event/or E_00000265a5612100, E_0x0;
    %wait Ewait_0;
    %load/vec4 v00000265a55c2790_0;
    %store/vec4 v00000265a55c2650_0, 0, 3;
    %load/vec4 v00000265a55c2790_0;
    %dup/vec4;
    %pushi/vec4 0, 0, 3;
    %cmp/u;
    %jmp/1 T_0.0, 6;
    %dup/vec4;
    %pushi/vec4 1, 0, 3;
    %cmp/u;
    %jmp/1 T_0.1, 6;
    %dup/vec4;
    %pushi/vec4 2, 0, 3;
    %cmp/u;
    %jmp/1 T_0.2, 6;
    %dup/vec4;
    %pushi/vec4 3, 0, 3;
    %cmp/u;
    %jmp/1 T_0.3, 6;
    %dup/vec4;
    %pushi/vec4 4, 0, 3;
    %cmp/u;
    %jmp/1 T_0.4, 6;
    %jmp T_0.5;
T_0.0 ;
    %load/vec4 v00000265a55fdb40_0;
    %flag_set/vec4 8;
    %jmp/0xz  T_0.6, 8;
    %pushi/vec4 1, 0, 3;
    %store/vec4 v00000265a55c2650_0, 0, 3;
T_0.6 ;
    %jmp T_0.5;
T_0.1 ;
    %load/vec4 v00000265a55fdb40_0;
    %inv;
    %flag_set/vec4 8;
    %jmp/0xz  T_0.8, 8;
    %pushi/vec4 2, 0, 3;
    %store/vec4 v00000265a55c2650_0, 0, 3;
T_0.8 ;
    %jmp T_0.5;
T_0.2 ;
    %load/vec4 v00000265a55fdb40_0;
    %flag_set/vec4 8;
    %jmp/0xz  T_0.10, 8;
    %pushi/vec4 3, 0, 3;
    %store/vec4 v00000265a55c2650_0, 0, 3;
    %jmp T_0.11;
T_0.10 ;
    %pushi/vec4 0, 0, 3;
    %store/vec4 v00000265a55c2650_0, 0, 3;
T_0.11 ;
    %jmp T_0.5;
T_0.3 ;
    %load/vec4 v00000265a55fdb40_0;
    %inv;
    %flag_set/vec4 8;
    %jmp/0xz  T_0.12, 8;
    %pushi/vec4 4, 0, 3;
    %store/vec4 v00000265a55c2650_0, 0, 3;
    %jmp T_0.13;
T_0.12 ;
    %pushi/vec4 1, 0, 3;
    %store/vec4 v00000265a55c2650_0, 0, 3;
T_0.13 ;
    %jmp T_0.5;
T_0.4 ;
    %load/vec4 v00000265a55fdb40_0;
    %flag_set/vec4 8;
    %jmp/0xz  T_0.14, 8;
    %pushi/vec4 3, 0, 3;
    %store/vec4 v00000265a55c2650_0, 0, 3;
    %jmp T_0.15;
T_0.14 ;
    %pushi/vec4 0, 0, 3;
    %store/vec4 v00000265a55c2650_0, 0, 3;
T_0.15 ;
    %jmp T_0.5;
T_0.5 ;
    %pop/vec4 1;
    %jmp T_0;
    .thread T_0, $push;
    .scope S_00000265a55fd910;
T_1 ;
    %wait E_00000265a5611ec0;
    %load/vec4 v00000265a55c26f0_0;
    %flag_set/vec4 8;
    %jmp/0xz  T_1.0, 8;
    %pushi/vec4 0, 0, 3;
    %assign/vec4 v00000265a55c2790_0, 0;
    %jmp T_1.1;
T_1.0 ;
    %load/vec4 v00000265a55c2650_0;
    %assign/vec4 v00000265a55c2790_0, 0;
T_1.1 ;
    %jmp T_1;
    .thread T_1;
    .scope S_00000265a566a2d0;
T_2 ;
Ewait_1 .event/or E_00000265a5611e40, E_0x0;
    %wait Ewait_1;
    %load/vec4 v00000265a566a910_0;
    %store/vec4 v00000265a566b130_0, 0, 3;
    %load/vec4 v00000265a566a910_0;
    %dup/vec4;
    %pushi/vec4 0, 0, 3;
    %cmp/u;
    %jmp/1 T_2.0, 6;
    %dup/vec4;
    %pushi/vec4 1, 0, 3;
    %cmp/u;
    %jmp/1 T_2.1, 6;
    %dup/vec4;
    %pushi/vec4 2, 0, 3;
    %cmp/u;
    %jmp/1 T_2.2, 6;
    %dup/vec4;
    %pushi/vec4 3, 0, 3;
    %cmp/u;
    %jmp/1 T_2.3, 6;
    %dup/vec4;
    %pushi/vec4 4, 0, 3;
    %cmp/u;
    %jmp/1 T_2.4, 6;
    %dup/vec4;
    %pushi/vec4 5, 0, 3;
    %cmp/u;
    %jmp/1 T_2.5, 6;
    %dup/vec4;
    %pushi/vec4 6, 0, 3;
    %cmp/u;
    %jmp/1 T_2.6, 6;
    %jmp T_2.7;
T_2.0 ;
    %load/vec4 v00000265a566a9b0_0;
    %flag_set/vec4 8;
    %jmp/0xz  T_2.8, 8;
    %pushi/vec4 1, 0, 3;
    %store/vec4 v00000265a566b130_0, 0, 3;
T_2.8 ;
    %jmp T_2.7;
T_2.1 ;
    %load/vec4 v00000265a566a9b0_0;
    %flag_set/vec4 8;
    %jmp/0xz  T_2.10, 8;
    %pushi/vec4 2, 0, 3;
    %store/vec4 v00000265a566b130_0, 0, 3;
    %jmp T_2.11;
T_2.10 ;
    %pushi/vec4 0, 0, 3;
    %store/vec4 v00000265a566b130_0, 0, 3;
T_2.11 ;
    %jmp T_2.7;
T_2.2 ;
    %load/vec4 v00000265a566a9b0_0;
    %inv;
    %flag_set/vec4 8;
    %jmp/0xz  T_2.12, 8;
    %pushi/vec4 3, 0, 3;
    %store/vec4 v00000265a566b130_0, 0, 3;
    %jmp T_2.13;
T_2.12 ;
    %pushi/vec4 2, 0, 3;
    %store/vec4 v00000265a566b130_0, 0, 3;
T_2.13 ;
    %jmp T_2.7;
T_2.3 ;
    %load/vec4 v00000265a566a9b0_0;
    %inv;
    %flag_set/vec4 8;
    %jmp/0xz  T_2.14, 8;
    %pushi/vec4 4, 0, 3;
    %store/vec4 v00000265a566b130_0, 0, 3;
    %jmp T_2.15;
T_2.14 ;
    %pushi/vec4 1, 0, 3;
    %store/vec4 v00000265a566b130_0, 0, 3;
T_2.15 ;
    %jmp T_2.7;
T_2.4 ;
    %load/vec4 v00000265a566a9b0_0;
    %flag_set/vec4 8;
    %jmp/0xz  T_2.16, 8;
    %pushi/vec4 5, 0, 3;
    %store/vec4 v00000265a566b130_0, 0, 3;
    %jmp T_2.17;
T_2.16 ;
    %pushi/vec4 0, 0, 3;
    %store/vec4 v00000265a566b130_0, 0, 3;
T_2.17 ;
    %jmp T_2.7;
T_2.5 ;
    %load/vec4 v00000265a566a9b0_0;
    %flag_set/vec4 8;
    %jmp/0xz  T_2.18, 8;
    %pushi/vec4 6, 0, 3;
    %store/vec4 v00000265a566b130_0, 0, 3;
    %jmp T_2.19;
T_2.18 ;
    %pushi/vec4 0, 0, 3;
    %store/vec4 v00000265a566b130_0, 0, 3;
T_2.19 ;
    %jmp T_2.7;
T_2.6 ;
    %load/vec4 v00000265a566a9b0_0;
    %flag_set/vec4 8;
    %jmp/0xz  T_2.20, 8;
    %pushi/vec4 2, 0, 3;
    %store/vec4 v00000265a566b130_0, 0, 3;
    %jmp T_2.21;
T_2.20 ;
    %pushi/vec4 3, 0, 3;
    %store/vec4 v00000265a566b130_0, 0, 3;
T_2.21 ;
    %jmp T_2.7;
T_2.7 ;
    %pop/vec4 1;
    %jmp T_2;
    .thread T_2, $push;
    .scope S_00000265a566a2d0;
T_3 ;
    %wait E_00000265a5611ec0;
    %load/vec4 v00000265a566aa50_0;
    %flag_set/vec4 8;
    %jmp/0xz  T_3.0, 8;
    %pushi/vec4 0, 0, 3;
    %assign/vec4 v00000265a566a910_0, 0;
    %jmp T_3.1;
T_3.0 ;
    %load/vec4 v00000265a566b130_0;
    %assign/vec4 v00000265a566a910_0, 0;
T_3.1 ;
    %jmp T_3;
    .thread T_3;
    .scope S_00000265a560e4d0;
T_4 ;
    %pushi/vec4 0, 0, 1;
    %store/vec4 v00000265a566aff0_0, 0, 1;
T_4.0 ;
    %delay 500, 0;
    %load/vec4 v00000265a566aff0_0;
    %inv;
    %store/vec4 v00000265a566aff0_0, 0, 1;
    %jmp T_4.0;
    %end;
    .thread T_4;
    .scope S_00000265a560e4d0;
T_5 ;
    %pushi/vec4 1, 1, 1;
    %assign/vec4 v00000265a566a870_0, 0;
    %pushi/vec4 2, 0, 32;
T_5.0 %dup/vec4;
    %pushi/vec4 0, 0, 32;
    %cmp/s;
    %jmp/1xz T_5.1, 5;
    %jmp/1 T_5.1, 4;
    %pushi/vec4 1, 0, 32;
    %sub;
    %wait E_00000265a5611ec0;
    %jmp T_5.0;
T_5.1 ;
    %pop/vec4 1;
    %pushi/vec4 1, 0, 1;
    %assign/vec4 v00000265a566a870_0, 0;
    %pushi/vec4 2, 0, 32;
T_5.2 %dup/vec4;
    %pushi/vec4 0, 0, 32;
    %cmp/s;
    %jmp/1xz T_5.3, 5;
    %jmp/1 T_5.3, 4;
    %pushi/vec4 1, 0, 32;
    %sub;
    %wait E_00000265a5611ec0;
    %jmp T_5.2;
T_5.3 ;
    %pop/vec4 1;
    %pushi/vec4 0, 0, 1;
    %assign/vec4 v00000265a566a870_0, 0;
    %end;
    .thread T_5;
    .scope S_00000265a560e4d0;
T_6 ;
    %vpi_call/w 3 48 "$dumpvars" {0 0 0};
    %wait E_00000265a56123c0;
    %fork t_1, S_00000265a55fd780;
    %jmp t_0;
    .scope S_00000265a55fd780;
t_1 ;
    %pushi/vec4 0, 0, 32;
    %store/vec4 v00000265a544cab0_0, 0, 32;
T_6.0 ;
    %load/vec4 v00000265a544cab0_0;
    %cmpi/s 24, 0, 32;
    %jmp/0xz T_6.1, 5;
    %pushi/vec4 3512744, 0, 24;
    %pushi/vec4 23, 0, 34;
    %load/vec4 v00000265a544cab0_0;
    %pad/s 34;
    %sub;
    %part/s 1;
    %assign/vec4 v00000265a566a7d0_0, 0;
    %wait E_00000265a5611ec0;
    %pushi/vec4 65546, 0, 24;
    %pushi/vec4 23, 0, 34;
    %load/vec4 v00000265a544cab0_0;
    %pad/s 34;
    %sub;
    %part/s 1;
    %pushi/vec4 1088, 0, 24;
    %pushi/vec4 23, 0, 34;
    %load/vec4 v00000265a544cab0_0;
    %pad/s 34;
    %sub;
    %part/s 1;
    %vpi_call/w 3 59 "$display", "%b %b (%b) %b (%b)", v00000265a566a7d0_0, v00000265a566aaf0_0, S<1,vec4,u1>, v00000265a566ab90_0, S<0,vec4,u1> {2 0 0};
    %load/vec4 v00000265a566aaf0_0;
    %pushi/vec4 65546, 0, 24;
    %pushi/vec4 23, 0, 34;
    %load/vec4 v00000265a544cab0_0;
    %pad/s 34;
    %sub;
    %part/s 1;
    %cmp/ne;
    %jmp/1 T_6.4, 6;
    %flag_mov 8, 6;
    %load/vec4 v00000265a566ab90_0;
    %pushi/vec4 1088, 0, 24;
    %pushi/vec4 23, 0, 34;
    %load/vec4 v00000265a544cab0_0;
    %pad/s 34;
    %sub;
    %part/s 1;
    %cmp/ne;
    %flag_or 6, 8;
T_6.4;
    %jmp/0xz  T_6.2, 6;
    %vpi_call/w 3 67 "$display", "FAIL %s - see log above", "testbench.sv", $time {0 0 0};
    %vpi_call/w 3 68 "$finish" {0 0 0};
T_6.2 ;
    ; show_stmt_assign_vector: Get l-value for compressed += operand
    %load/vec4 v00000265a544cab0_0;
    %pushi/vec4 1, 0, 32;
    %add;
    %cast2;
    %store/vec4 v00000265a544cab0_0, 0, 32;
    %jmp T_6.0;
T_6.1 ;
    %end;
    .scope S_00000265a560e4d0;
t_0 %join;
    %vpi_call/w 3 72 "$display", "PASS %s", "testbench.sv" {0 0 0};
    %vpi_call/w 3 73 "$finish" {0 0 0};
    %end;
    .thread T_6;
# The file index is used to find the file name in the following table.
:file_names 5;
    "N/A";
    "<interactive>";
    "-";
    "testbench.sv";
    "03_01_detect_sequence_using_fsm.sv";
