#! /c/Source/iverilog-install/bin/vvp
:ivl_version "12.0 (devel)" "(s20150603-1539-g2693dd32b)";
:ivl_delay_selection "TYPICAL";
:vpi_time_precision + 0;
:vpi_module "C:\iverilog\lib\ivl\system.vpi";
:vpi_module "C:\iverilog\lib\ivl\vhdl_sys.vpi";
:vpi_module "C:\iverilog\lib\ivl\vhdl_textio.vpi";
:vpi_module "C:\iverilog\lib\ivl\v2005_math.vpi";
:vpi_module "C:\iverilog\lib\ivl\va_math.vpi";
:vpi_module "C:\iverilog\lib\ivl\v2009.vpi";
S_0000029181993930 .scope package, "$unit" "$unit" 2 1;
 .timescale 0 0;
S_00000291817ad830 .scope module, "add" "add" 3 5;
 .timescale 0 0;
    .port_info 0 /INPUT 4 "a";
    .port_info 1 /INPUT 4 "b";
    .port_info 2 /OUTPUT 4 "sum";
o00000291819a5fd8 .functor BUFZ 4, C4<zzzz>; HiZ drive
v00000291819634b0_0 .net "a", 3 0, o00000291819a5fd8;  0 drivers
o00000291819a6008 .functor BUFZ 4, C4<zzzz>; HiZ drive
v00000291819636f0_0 .net "b", 3 0, o00000291819a6008;  0 drivers
v0000029181985de0_0 .net "sum", 3 0, L_00000291819fcc50;  1 drivers
L_00000291819fcc50 .arith/sum 4, o00000291819a5fd8, o00000291819a6008;
S_00000291817ad9c0 .scope module, "testbench" "testbench" 4 1;
 .timescale 0 0;
v00000291819fc2f0_0 .var/s "a", 3 0;
v00000291819fc570_0 .var/s "b", 3 0;
v00000291819fc610_0 .net "overflow", 0 0, L_00000291817abeb0;  1 drivers
v00000291819fc6b0_0 .net/s "sum", 3 0, L_00000291819fc7f0;  1 drivers
S_0000029181962ce0 .scope module, "inst" "signed_add_with_overflow" 4 6, 3 19 0, S_00000291817ad9c0;
 .timescale 0 0;
    .port_info 0 /INPUT 4 "a";
    .port_info 1 /INPUT 4 "b";
    .port_info 2 /OUTPUT 4 "sum";
    .port_info 3 /OUTPUT 1 "overflow";
L_00000291817ab890 .functor XNOR 1, L_00000291819fc890, L_00000291819fc930, C4<0>, C4<0>;
L_00000291817abf20 .functor XNOR 1, L_00000291819fccf0, L_00000291819fc430, C4<0>, C4<0>;
L_00000291817abe40 .functor NOT 1, L_00000291817abf20, C4<0>, C4<0>, C4<0>;
L_00000291817abeb0 .functor AND 1, L_00000291817ab890, L_00000291817abe40, C4<1>, C4<1>;
v0000029181986230_0 .net *"_ivl_11", 0 0, L_00000291819fc430;  1 drivers
v0000029181986410_0 .net *"_ivl_12", 0 0, L_00000291817abf20;  1 drivers
v00000291817adb50_0 .net *"_ivl_14", 0 0, L_00000291817abe40;  1 drivers
v00000291817adbf0_0 .net *"_ivl_3", 0 0, L_00000291819fc890;  1 drivers
v00000291817acb70_0 .net *"_ivl_5", 0 0, L_00000291819fc930;  1 drivers
v00000291817acc10_0 .net *"_ivl_6", 0 0, L_00000291817ab890;  1 drivers
v00000291819fc390_0 .net *"_ivl_9", 0 0, L_00000291819fccf0;  1 drivers
v00000291819fcf70_0 .net "a", 3 0, v00000291819fc2f0_0;  1 drivers
v00000291819fcb10_0 .net "b", 3 0, v00000291819fc570_0;  1 drivers
v00000291819fc4d0_0 .net "overflow", 0 0, L_00000291817abeb0;  alias, 1 drivers
v00000291819fc070_0 .net "sum", 3 0, L_00000291819fc7f0;  alias, 1 drivers
L_00000291819fc7f0 .arith/sum 4, v00000291819fc2f0_0, v00000291819fc570_0;
L_00000291819fc890 .part v00000291819fc2f0_0, 3, 1;
L_00000291819fc930 .part v00000291819fc570_0, 3, 1;
L_00000291819fccf0 .part v00000291819fc2f0_0, 3, 1;
L_00000291819fc430 .part L_00000291819fc7f0, 3, 1;
S_0000029181962e70 .scope task, "test" "test" 4 9, 4 9 0, S_00000291817ad9c0;
 .timescale 0 0;
v00000291819fcbb0_0 .var "t_a", 3 0;
v00000291819fc750_0 .var "t_b", 3 0;
v00000291819fced0_0 .var "t_overflow", 0 0;
v00000291819fc1b0_0 .var "t_sum", 3 0;
TD_testbench.test ;
    %load/vec4 v00000291819fcbb0_0;
    %load/vec4 v00000291819fc750_0;
    %add;
    %store/vec4 v00000291819fc1b0_0, 0, 4;
    %load/vec4 v00000291819fcbb0_0;
    %load/vec4 v00000291819fc750_0;
    %concat/vec4; draw_concat_vec4
    %split/vec4 4;
    %store/vec4 v00000291819fc570_0, 0, 4;
    %store/vec4 v00000291819fc2f0_0, 0, 4;
    %delay 1, 0;
    %vpi_call/w 4 23 "$write", "TEST %d + %d = ", v00000291819fc2f0_0, v00000291819fc570_0 {0 0 0};
    %load/vec4 v00000291819fc610_0;
    %cmpi/e 1, 0, 1;
    %jmp/0xz  T_0.0, 6;
    %vpi_call/w 4 26 "$display", "overflow" {0 0 0};
    %jmp T_0.1;
T_0.0 ;
    %load/vec4 v00000291819fc610_0;
    %cmpi/e 0, 0, 1;
    %jmp/0xz  T_0.2, 6;
    %vpi_call/w 4 28 "$display", "%d", v00000291819fc6b0_0 {0 0 0};
    %jmp T_0.3;
T_0.2 ;
    %vpi_call/w 4 31 "$display", "\012FAIL %s: overflow is %X", "testbench.sv", v00000291819fc610_0 {0 0 0};
    %vpi_call/w 4 34 "$finish" {0 0 0};
T_0.3 ;
T_0.1 ;
    %load/vec4 v00000291819fc610_0;
    %load/vec4 v00000291819fced0_0;
    %cmp/ne;
    %jmp/0xz  T_0.4, 6;
    %load/vec4 v00000291819fced0_0;
    %flag_set/vec4 8;
    %jmp/0 T_0.6, 8;
    %pushi/vec4 0, 0, 24; draw_string_vec4
    %jmp/1 T_0.7, 8;
T_0.6 ; End of true expr.
    %pushi/vec4 7237408, 0, 24; draw_string_vec4
    %jmp/0 T_0.7, 8;
 ; End of false expr.
    %blend;
T_0.7;
    %vpi_call/w 4 39 "$display", "FAIL %s: EXPECTED %soverflow", "testbench.sv", S<0,vec4,u24> {1 0 0};
    %vpi_call/w 4 42 "$finish" {0 0 0};
    %jmp T_0.5;
T_0.4 ;
    %load/vec4 v00000291819fc6b0_0;
    %load/vec4 v00000291819fc1b0_0;
    %cmp/ne;
    %jmp/0xz  T_0.8, 6;
    %vpi_call/w 4 46 "$display", "FAIL %s: EXPECTED sum %d", "testbench.sv", v00000291819fc1b0_0 {0 0 0};
T_0.8 ;
T_0.5 ;
    %end;
    .scope S_00000291817ad9c0;
T_1 ;
    %vpi_call/w 4 54 "$dumpvars" {0 0 0};
    %pushi/vec4 0, 0, 4;
    %store/vec4 v00000291819fcbb0_0, 0, 4;
    %pushi/vec4 0, 0, 4;
    %store/vec4 v00000291819fc750_0, 0, 4;
    %pushi/vec4 0, 0, 1;
    %store/vec4 v00000291819fced0_0, 0, 1;
    %fork TD_testbench.test, S_0000029181962e70;
    %join;
    %pushi/vec4 1, 0, 4;
    %store/vec4 v00000291819fcbb0_0, 0, 4;
    %pushi/vec4 2, 0, 4;
    %store/vec4 v00000291819fc750_0, 0, 4;
    %pushi/vec4 0, 0, 1;
    %store/vec4 v00000291819fced0_0, 0, 1;
    %fork TD_testbench.test, S_0000029181962e70;
    %join;
    %pushi/vec4 1, 0, 4;
    %store/vec4 v00000291819fcbb0_0, 0, 4;
    %pushi/vec4 14, 0, 4;
    %store/vec4 v00000291819fc750_0, 0, 4;
    %pushi/vec4 0, 0, 1;
    %store/vec4 v00000291819fced0_0, 0, 1;
    %fork TD_testbench.test, S_0000029181962e70;
    %join;
    %pushi/vec4 15, 0, 4;
    %store/vec4 v00000291819fcbb0_0, 0, 4;
    %pushi/vec4 2, 0, 4;
    %store/vec4 v00000291819fc750_0, 0, 4;
    %pushi/vec4 0, 0, 1;
    %store/vec4 v00000291819fced0_0, 0, 1;
    %fork TD_testbench.test, S_0000029181962e70;
    %join;
    %pushi/vec4 15, 0, 4;
    %store/vec4 v00000291819fcbb0_0, 0, 4;
    %pushi/vec4 14, 0, 4;
    %store/vec4 v00000291819fc750_0, 0, 4;
    %pushi/vec4 0, 0, 1;
    %store/vec4 v00000291819fced0_0, 0, 1;
    %fork TD_testbench.test, S_0000029181962e70;
    %join;
    %pushi/vec4 4, 0, 4;
    %store/vec4 v00000291819fcbb0_0, 0, 4;
    %pushi/vec4 7, 0, 4;
    %store/vec4 v00000291819fc750_0, 0, 4;
    %pushi/vec4 1, 0, 1;
    %store/vec4 v00000291819fced0_0, 0, 1;
    %fork TD_testbench.test, S_0000029181962e70;
    %join;
    %pushi/vec4 4, 0, 4;
    %store/vec4 v00000291819fcbb0_0, 0, 4;
    %pushi/vec4 9, 0, 4;
    %store/vec4 v00000291819fc750_0, 0, 4;
    %pushi/vec4 0, 0, 1;
    %store/vec4 v00000291819fced0_0, 0, 1;
    %fork TD_testbench.test, S_0000029181962e70;
    %join;
    %pushi/vec4 12, 0, 4;
    %store/vec4 v00000291819fcbb0_0, 0, 4;
    %pushi/vec4 7, 0, 4;
    %store/vec4 v00000291819fc750_0, 0, 4;
    %pushi/vec4 0, 0, 1;
    %store/vec4 v00000291819fced0_0, 0, 1;
    %fork TD_testbench.test, S_0000029181962e70;
    %join;
    %pushi/vec4 12, 0, 4;
    %store/vec4 v00000291819fcbb0_0, 0, 4;
    %pushi/vec4 9, 0, 4;
    %store/vec4 v00000291819fc750_0, 0, 4;
    %pushi/vec4 1, 0, 1;
    %store/vec4 v00000291819fced0_0, 0, 1;
    %fork TD_testbench.test, S_0000029181962e70;
    %join;
    %pushi/vec4 3, 0, 4;
    %store/vec4 v00000291819fcbb0_0, 0, 4;
    %pushi/vec4 5, 0, 4;
    %store/vec4 v00000291819fc750_0, 0, 4;
    %pushi/vec4 1, 0, 1;
    %store/vec4 v00000291819fced0_0, 0, 1;
    %fork TD_testbench.test, S_0000029181962e70;
    %join;
    %pushi/vec4 3, 0, 4;
    %store/vec4 v00000291819fcbb0_0, 0, 4;
    %pushi/vec4 11, 0, 4;
    %store/vec4 v00000291819fc750_0, 0, 4;
    %pushi/vec4 0, 0, 1;
    %store/vec4 v00000291819fced0_0, 0, 1;
    %fork TD_testbench.test, S_0000029181962e70;
    %join;
    %pushi/vec4 13, 0, 4;
    %store/vec4 v00000291819fcbb0_0, 0, 4;
    %pushi/vec4 5, 0, 4;
    %store/vec4 v00000291819fc750_0, 0, 4;
    %pushi/vec4 0, 0, 1;
    %store/vec4 v00000291819fced0_0, 0, 1;
    %fork TD_testbench.test, S_0000029181962e70;
    %join;
    %pushi/vec4 13, 0, 4;
    %store/vec4 v00000291819fcbb0_0, 0, 4;
    %pushi/vec4 11, 0, 4;
    %store/vec4 v00000291819fc750_0, 0, 4;
    %pushi/vec4 0, 0, 1;
    %store/vec4 v00000291819fced0_0, 0, 1;
    %fork TD_testbench.test, S_0000029181962e70;
    %join;
    %pushi/vec4 3, 0, 4;
    %store/vec4 v00000291819fcbb0_0, 0, 4;
    %pushi/vec4 6, 0, 4;
    %store/vec4 v00000291819fc750_0, 0, 4;
    %pushi/vec4 1, 0, 1;
    %store/vec4 v00000291819fced0_0, 0, 1;
    %fork TD_testbench.test, S_0000029181962e70;
    %join;
    %pushi/vec4 3, 0, 4;
    %store/vec4 v00000291819fcbb0_0, 0, 4;
    %pushi/vec4 10, 0, 4;
    %store/vec4 v00000291819fc750_0, 0, 4;
    %pushi/vec4 0, 0, 1;
    %store/vec4 v00000291819fced0_0, 0, 1;
    %fork TD_testbench.test, S_0000029181962e70;
    %join;
    %pushi/vec4 13, 0, 4;
    %store/vec4 v00000291819fcbb0_0, 0, 4;
    %pushi/vec4 6, 0, 4;
    %store/vec4 v00000291819fc750_0, 0, 4;
    %pushi/vec4 0, 0, 1;
    %store/vec4 v00000291819fced0_0, 0, 1;
    %fork TD_testbench.test, S_0000029181962e70;
    %join;
    %pushi/vec4 13, 0, 4;
    %store/vec4 v00000291819fcbb0_0, 0, 4;
    %pushi/vec4 10, 0, 4;
    %store/vec4 v00000291819fc750_0, 0, 4;
    %pushi/vec4 1, 0, 1;
    %store/vec4 v00000291819fced0_0, 0, 1;
    %fork TD_testbench.test, S_0000029181962e70;
    %join;
    %pushi/vec4 2, 0, 4;
    %store/vec4 v00000291819fcbb0_0, 0, 4;
    %pushi/vec4 1, 0, 4;
    %store/vec4 v00000291819fc750_0, 0, 4;
    %pushi/vec4 0, 0, 1;
    %store/vec4 v00000291819fced0_0, 0, 1;
    %fork TD_testbench.test, S_0000029181962e70;
    %join;
    %pushi/vec4 14, 0, 4;
    %store/vec4 v00000291819fcbb0_0, 0, 4;
    %pushi/vec4 1, 0, 4;
    %store/vec4 v00000291819fc750_0, 0, 4;
    %pushi/vec4 0, 0, 1;
    %store/vec4 v00000291819fced0_0, 0, 1;
    %fork TD_testbench.test, S_0000029181962e70;
    %join;
    %pushi/vec4 2, 0, 4;
    %store/vec4 v00000291819fcbb0_0, 0, 4;
    %pushi/vec4 15, 0, 4;
    %store/vec4 v00000291819fc750_0, 0, 4;
    %pushi/vec4 0, 0, 1;
    %store/vec4 v00000291819fced0_0, 0, 1;
    %fork TD_testbench.test, S_0000029181962e70;
    %join;
    %pushi/vec4 14, 0, 4;
    %store/vec4 v00000291819fcbb0_0, 0, 4;
    %pushi/vec4 15, 0, 4;
    %store/vec4 v00000291819fc750_0, 0, 4;
    %pushi/vec4 0, 0, 1;
    %store/vec4 v00000291819fced0_0, 0, 1;
    %fork TD_testbench.test, S_0000029181962e70;
    %join;
    %pushi/vec4 7, 0, 4;
    %store/vec4 v00000291819fcbb0_0, 0, 4;
    %pushi/vec4 4, 0, 4;
    %store/vec4 v00000291819fc750_0, 0, 4;
    %pushi/vec4 1, 0, 1;
    %store/vec4 v00000291819fced0_0, 0, 1;
    %fork TD_testbench.test, S_0000029181962e70;
    %join;
    %pushi/vec4 9, 0, 4;
    %store/vec4 v00000291819fcbb0_0, 0, 4;
    %pushi/vec4 4, 0, 4;
    %store/vec4 v00000291819fc750_0, 0, 4;
    %pushi/vec4 0, 0, 1;
    %store/vec4 v00000291819fced0_0, 0, 1;
    %fork TD_testbench.test, S_0000029181962e70;
    %join;
    %pushi/vec4 7, 0, 4;
    %store/vec4 v00000291819fcbb0_0, 0, 4;
    %pushi/vec4 12, 0, 4;
    %store/vec4 v00000291819fc750_0, 0, 4;
    %pushi/vec4 0, 0, 1;
    %store/vec4 v00000291819fced0_0, 0, 1;
    %fork TD_testbench.test, S_0000029181962e70;
    %join;
    %pushi/vec4 9, 0, 4;
    %store/vec4 v00000291819fcbb0_0, 0, 4;
    %pushi/vec4 12, 0, 4;
    %store/vec4 v00000291819fc750_0, 0, 4;
    %pushi/vec4 1, 0, 1;
    %store/vec4 v00000291819fced0_0, 0, 1;
    %fork TD_testbench.test, S_0000029181962e70;
    %join;
    %pushi/vec4 5, 0, 4;
    %store/vec4 v00000291819fcbb0_0, 0, 4;
    %pushi/vec4 3, 0, 4;
    %store/vec4 v00000291819fc750_0, 0, 4;
    %pushi/vec4 1, 0, 1;
    %store/vec4 v00000291819fced0_0, 0, 1;
    %fork TD_testbench.test, S_0000029181962e70;
    %join;
    %pushi/vec4 11, 0, 4;
    %store/vec4 v00000291819fcbb0_0, 0, 4;
    %pushi/vec4 3, 0, 4;
    %store/vec4 v00000291819fc750_0, 0, 4;
    %pushi/vec4 0, 0, 1;
    %store/vec4 v00000291819fced0_0, 0, 1;
    %fork TD_testbench.test, S_0000029181962e70;
    %join;
    %pushi/vec4 5, 0, 4;
    %store/vec4 v00000291819fcbb0_0, 0, 4;
    %pushi/vec4 13, 0, 4;
    %store/vec4 v00000291819fc750_0, 0, 4;
    %pushi/vec4 0, 0, 1;
    %store/vec4 v00000291819fced0_0, 0, 1;
    %fork TD_testbench.test, S_0000029181962e70;
    %join;
    %pushi/vec4 11, 0, 4;
    %store/vec4 v00000291819fcbb0_0, 0, 4;
    %pushi/vec4 13, 0, 4;
    %store/vec4 v00000291819fc750_0, 0, 4;
    %pushi/vec4 0, 0, 1;
    %store/vec4 v00000291819fced0_0, 0, 1;
    %fork TD_testbench.test, S_0000029181962e70;
    %join;
    %pushi/vec4 6, 0, 4;
    %store/vec4 v00000291819fcbb0_0, 0, 4;
    %pushi/vec4 3, 0, 4;
    %store/vec4 v00000291819fc750_0, 0, 4;
    %pushi/vec4 1, 0, 1;
    %store/vec4 v00000291819fced0_0, 0, 1;
    %fork TD_testbench.test, S_0000029181962e70;
    %join;
    %pushi/vec4 10, 0, 4;
    %store/vec4 v00000291819fcbb0_0, 0, 4;
    %pushi/vec4 3, 0, 4;
    %store/vec4 v00000291819fc750_0, 0, 4;
    %pushi/vec4 0, 0, 1;
    %store/vec4 v00000291819fced0_0, 0, 1;
    %fork TD_testbench.test, S_0000029181962e70;
    %join;
    %pushi/vec4 6, 0, 4;
    %store/vec4 v00000291819fcbb0_0, 0, 4;
    %pushi/vec4 13, 0, 4;
    %store/vec4 v00000291819fc750_0, 0, 4;
    %pushi/vec4 0, 0, 1;
    %store/vec4 v00000291819fced0_0, 0, 1;
    %fork TD_testbench.test, S_0000029181962e70;
    %join;
    %pushi/vec4 10, 0, 4;
    %store/vec4 v00000291819fcbb0_0, 0, 4;
    %pushi/vec4 13, 0, 4;
    %store/vec4 v00000291819fc750_0, 0, 4;
    %pushi/vec4 1, 0, 1;
    %store/vec4 v00000291819fced0_0, 0, 1;
    %fork TD_testbench.test, S_0000029181962e70;
    %join;
    %pushi/vec4 1, 0, 4;
    %store/vec4 v00000291819fcbb0_0, 0, 4;
    %pushi/vec4 1, 0, 4;
    %store/vec4 v00000291819fc750_0, 0, 4;
    %pushi/vec4 0, 0, 1;
    %store/vec4 v00000291819fced0_0, 0, 1;
    %fork TD_testbench.test, S_0000029181962e70;
    %join;
    %pushi/vec4 1, 0, 4;
    %store/vec4 v00000291819fcbb0_0, 0, 4;
    %pushi/vec4 15, 0, 4;
    %store/vec4 v00000291819fc750_0, 0, 4;
    %pushi/vec4 0, 0, 1;
    %store/vec4 v00000291819fced0_0, 0, 1;
    %fork TD_testbench.test, S_0000029181962e70;
    %join;
    %pushi/vec4 15, 0, 4;
    %store/vec4 v00000291819fcbb0_0, 0, 4;
    %pushi/vec4 1, 0, 4;
    %store/vec4 v00000291819fc750_0, 0, 4;
    %pushi/vec4 0, 0, 1;
    %store/vec4 v00000291819fced0_0, 0, 1;
    %fork TD_testbench.test, S_0000029181962e70;
    %join;
    %pushi/vec4 15, 0, 4;
    %store/vec4 v00000291819fcbb0_0, 0, 4;
    %pushi/vec4 15, 0, 4;
    %store/vec4 v00000291819fc750_0, 0, 4;
    %pushi/vec4 0, 0, 1;
    %store/vec4 v00000291819fced0_0, 0, 1;
    %fork TD_testbench.test, S_0000029181962e70;
    %join;
    %pushi/vec4 4, 0, 4;
    %store/vec4 v00000291819fcbb0_0, 0, 4;
    %pushi/vec4 4, 0, 4;
    %store/vec4 v00000291819fc750_0, 0, 4;
    %pushi/vec4 1, 0, 1;
    %store/vec4 v00000291819fced0_0, 0, 1;
    %fork TD_testbench.test, S_0000029181962e70;
    %join;
    %pushi/vec4 4, 0, 4;
    %store/vec4 v00000291819fcbb0_0, 0, 4;
    %pushi/vec4 12, 0, 4;
    %store/vec4 v00000291819fc750_0, 0, 4;
    %pushi/vec4 0, 0, 1;
    %store/vec4 v00000291819fced0_0, 0, 1;
    %fork TD_testbench.test, S_0000029181962e70;
    %join;
    %pushi/vec4 12, 0, 4;
    %store/vec4 v00000291819fcbb0_0, 0, 4;
    %pushi/vec4 4, 0, 4;
    %store/vec4 v00000291819fc750_0, 0, 4;
    %pushi/vec4 0, 0, 1;
    %store/vec4 v00000291819fced0_0, 0, 1;
    %fork TD_testbench.test, S_0000029181962e70;
    %join;
    %pushi/vec4 12, 0, 4;
    %store/vec4 v00000291819fcbb0_0, 0, 4;
    %pushi/vec4 12, 0, 4;
    %store/vec4 v00000291819fc750_0, 0, 4;
    %pushi/vec4 0, 0, 1;
    %store/vec4 v00000291819fced0_0, 0, 1;
    %fork TD_testbench.test, S_0000029181962e70;
    %join;
    %vpi_call/w 4 108 "$display", "PASS %s", "testbench.sv" {0 0 0};
    %vpi_call/w 4 109 "$finish" {0 0 0};
    %end;
    .thread T_1;
# The file index is used to find the file name in the following table.
:file_names 5;
    "N/A";
    "<interactive>";
    "-";
    "04_01_signed_add_with_overflow.sv";
    "testbench.sv";
