#! /c/Source/iverilog-install/bin/vvp
:ivl_version "12.0 (devel)" "(s20150603-1539-g2693dd32b)";
:ivl_delay_selection "TYPICAL";
:vpi_time_precision + 0;
:vpi_module "C:\iverilog\lib\ivl\system.vpi";
:vpi_module "C:\iverilog\lib\ivl\vhdl_sys.vpi";
:vpi_module "C:\iverilog\lib\ivl\vhdl_textio.vpi";
:vpi_module "C:\iverilog\lib\ivl\v2005_math.vpi";
:vpi_module "C:\iverilog\lib\ivl\va_math.vpi";
:vpi_module "C:\iverilog\lib\ivl\v2009.vpi";
S_000002280b3d40d0 .scope package, "$unit" "$unit" 2 1;
 .timescale 0 0;
S_000002280b3d4260 .scope module, "testbench" "testbench" 3 1;
 .timescale 0 0;
P_000002280b3b7ca0 .param/l "N" 1 3 3, +C4<00000000000000000000000000001000>;
P_000002280b3b7cd8 .param/l "S" 1 3 3, +C4<00000000000000000000000000000011>;
v000002280b43f3a0_0 .var "a", 7 0;
v000002280b440660 .array "res", 7 0;
v000002280b440660_0 .net v000002280b440660 0, 7 0, L_000002280b43f620; 1 drivers
v000002280b440660_1 .net v000002280b440660 1, 7 0, L_000002280b43f9e0; 1 drivers
v000002280b440660_2 .net v000002280b440660 2, 7 0, v000002280b440f20_0; 1 drivers
v000002280b440660_3 .net v000002280b440660 3, 7 0, L_000002280b43fd00; 1 drivers
v000002280b440660_4 .net v000002280b440660 4, 7 0, L_000002280b440160; 1 drivers
v000002280b440660_5 .net v000002280b440660 5, 7 0, L_000002280b440700; 1 drivers
v000002280b440660_6 .net v000002280b440660 6, 7 0, v000002280b43f4e0_0; 1 drivers
v000002280b440660_7 .net v000002280b440660 7, 7 0, L_000002280b4507d0; 1 drivers
S_000002280b3c84b0 .scope begin, "$ivl_for_loop2" "$ivl_for_loop2" 3 33, 3 33 0, S_000002280b3d4260;
 .timescale 0 0;
v000002280b3e2de0_0 .var/2s "i", 31 0;
S_000002280b3c8640 .scope begin, "$ivl_for_loop3" "$ivl_for_loop3" 3 38, 3 38 0, S_000002280b3d4260;
 .timescale 0 0;
v000002280b3e2b60_0 .var/2s "i", 31 0;
S_000002280b3ce520 .scope module, "i0" "left_shift_of_8_by_3_using_left_shift_operation" 3 7, 4 5 0, S_000002280b3d4260;
 .timescale 0 0;
    .port_info 0 /INPUT 8 "a";
    .port_info 1 /OUTPUT 8 "res";
v000002280b3e2480_0 .net *"_ivl_2", 4 0, L_000002280b43f580;  1 drivers
L_000002280b540088 .functor BUFT 1, C4<000>, C4<0>, C4<0>, C4<0>;
v000002280b3e2020_0 .net *"_ivl_4", 2 0, L_000002280b540088;  1 drivers
v000002280b3e23e0_0 .net "a", 7 0, v000002280b43f3a0_0;  1 drivers
v000002280b3e2e80_0 .net "res", 7 0, L_000002280b43f620;  alias, 1 drivers
L_000002280b43f580 .part v000002280b43f3a0_0, 0, 5;
L_000002280b43f620 .concat [ 3 5 0 0], L_000002280b540088, L_000002280b43f580;
S_000002280b3ce6b0 .scope module, "i1" "left_shift_of_8_by_3_using_concatenation" 3 8, 4 14 0, S_000002280b3d4260;
 .timescale 0 0;
    .port_info 0 /INPUT 8 "a";
    .port_info 1 /OUTPUT 8 "res";
v000002280b3e2840_0 .net *"_ivl_1", 4 0, L_000002280b43f800;  1 drivers
L_000002280b5400d0 .functor BUFT 1, C4<000>, C4<0>, C4<0>, C4<0>;
v000002280b3e2f20_0 .net/2u *"_ivl_2", 2 0, L_000002280b5400d0;  1 drivers
v000002280b3e20c0_0 .net "a", 7 0, v000002280b43f3a0_0;  alias, 1 drivers
v000002280b3e28e0_0 .net "res", 7 0, L_000002280b43f9e0;  alias, 1 drivers
L_000002280b43f800 .part v000002280b43f3a0_0, 0, 5;
L_000002280b43f9e0 .concat [ 3 5 0 0], L_000002280b5400d0, L_000002280b43f800;
S_000002280b3ca4a0 .scope module, "i2" "left_shift_of_8_by_3_using_for_inside_always" 3 9, 4 22 0, S_000002280b3d4260;
 .timescale 0 0;
    .port_info 0 /INPUT 8 "a";
    .port_info 1 /OUTPUT 8 "res";
v000002280b440340_0 .net "a", 7 0, v000002280b43f3a0_0;  alias, 1 drivers
v000002280b440f20_0 .var "res", 7 0;
E_000002280b3e6380 .event anyedge, v000002280b3e23e0_0;
S_000002280b3ca630 .scope begin, "$ivl_for_loop0" "$ivl_for_loop0" 4 25, 4 25 0, S_000002280b3ca4a0;
 .timescale 0 0;
v000002280b3e22a0_0 .var/2s "i", 31 0;
S_000002280b3c6fd0 .scope module, "i3" "left_shift_of_8_by_3_using_for_inside_generate" 3 10, 4 33 0, S_000002280b3d4260;
 .timescale 0 0;
    .port_info 0 /INPUT 8 "a";
    .port_info 1 /OUTPUT 8 "res";
v000002280b440ac0_0 .net "a", 7 0, v000002280b43f3a0_0;  alias, 1 drivers
v000002280b43f760_0 .net "res", 7 0, L_000002280b43fd00;  alias, 1 drivers
L_000002280b43fa80 .part v000002280b43f3a0_0, 0, 1;
L_000002280b43fb20 .part v000002280b43f3a0_0, 1, 1;
L_000002280b43fbc0 .part v000002280b43f3a0_0, 2, 1;
L_000002280b43fc60 .part v000002280b43f3a0_0, 3, 1;
L_000002280b540118 .functor BUFT 1, C4<0>, C4<0>, C4<0>, C4<0>;
L_000002280b540160 .functor BUFT 1, C4<0>, C4<0>, C4<0>, C4<0>;
L_000002280b5401a8 .functor BUFT 1, C4<0>, C4<0>, C4<0>, C4<0>;
LS_000002280b43fd00_0_0 .concat8 [ 1 1 1 1], L_000002280b540118, L_000002280b540160, L_000002280b5401a8, L_000002280b43fa80;
LS_000002280b43fd00_0_4 .concat8 [ 1 1 1 1], L_000002280b43fb20, L_000002280b43fbc0, L_000002280b43fc60, L_000002280b43fda0;
L_000002280b43fd00 .concat8 [ 4 4 0 0], LS_000002280b43fd00_0_0, LS_000002280b43fd00_0_4;
L_000002280b43fda0 .part v000002280b43f3a0_0, 4, 1;
S_000002280b3c7160 .scope generate, "genblk1[0]" "genblk1[0]" 4 38, 4 38 0, S_000002280b3c6fd0;
 .timescale 0 0;
P_000002280b3e5ec0 .param/l "i" 0 4 38, +C4<00>;
S_000002280b3c62e0 .scope generate, "zero_bit_gen" "zero_bit_gen" 4 39, 4 39 0, S_000002280b3c7160;
 .timescale 0 0;
v000002280b43fe40_0 .net/2u *"_ivl_0", 0 0, L_000002280b540118;  1 drivers
S_000002280b3c6470 .scope generate, "genblk1[1]" "genblk1[1]" 4 38, 4 38 0, S_000002280b3c6fd0;
 .timescale 0 0;
P_000002280b3e59c0 .param/l "i" 0 4 38, +C4<01>;
S_000002280b3c5920 .scope generate, "zero_bit_gen" "zero_bit_gen" 4 39, 4 39 0, S_000002280b3c6470;
 .timescale 0 0;
v000002280b43f080_0 .net/2u *"_ivl_0", 0 0, L_000002280b540160;  1 drivers
S_000002280b3c5ab0 .scope generate, "genblk1[2]" "genblk1[2]" 4 38, 4 38 0, S_000002280b3c6fd0;
 .timescale 0 0;
P_000002280b3e5f80 .param/l "i" 0 4 38, +C4<010>;
S_000002280b441040 .scope generate, "zero_bit_gen" "zero_bit_gen" 4 39, 4 39 0, S_000002280b3c5ab0;
 .timescale 0 0;
v000002280b43f440_0 .net/2u *"_ivl_0", 0 0, L_000002280b5401a8;  1 drivers
S_000002280b4413b0 .scope generate, "genblk1[3]" "genblk1[3]" 4 38, 4 38 0, S_000002280b3c6fd0;
 .timescale 0 0;
P_000002280b3e5fc0 .param/l "i" 0 4 38, +C4<011>;
S_000002280b441ea0 .scope generate, "shifted_bit_gen" "shifted_bit_gen" 4 39, 4 39 0, S_000002280b4413b0;
 .timescale 0 0;
v000002280b43f940_0 .net *"_ivl_0", 0 0, L_000002280b43fa80;  1 drivers
S_000002280b441d10 .scope generate, "genblk1[4]" "genblk1[4]" 4 38, 4 38 0, S_000002280b3c6fd0;
 .timescale 0 0;
P_000002280b3e6640 .param/l "i" 0 4 38, +C4<0100>;
S_000002280b441540 .scope generate, "shifted_bit_gen" "shifted_bit_gen" 4 39, 4 39 0, S_000002280b441d10;
 .timescale 0 0;
v000002280b440020_0 .net *"_ivl_0", 0 0, L_000002280b43fb20;  1 drivers
S_000002280b4416d0 .scope generate, "genblk1[5]" "genblk1[5]" 4 38, 4 38 0, S_000002280b3c6fd0;
 .timescale 0 0;
P_000002280b3c9550 .param/l "i" 0 4 38, +C4<0101>;
S_000002280b442030 .scope generate, "shifted_bit_gen" "shifted_bit_gen" 4 39, 4 39 0, S_000002280b4416d0;
 .timescale 0 0;
v000002280b4408e0_0 .net *"_ivl_0", 0 0, L_000002280b43fbc0;  1 drivers
S_000002280b441860 .scope generate, "genblk1[6]" "genblk1[6]" 4 38, 4 38 0, S_000002280b3c6fd0;
 .timescale 0 0;
P_000002280b3c9f90 .param/l "i" 0 4 38, +C4<0110>;
S_000002280b4419f0 .scope generate, "shifted_bit_gen" "shifted_bit_gen" 4 39, 4 39 0, S_000002280b441860;
 .timescale 0 0;
v000002280b43f8a0_0 .net *"_ivl_0", 0 0, L_000002280b43fc60;  1 drivers
S_000002280b441220 .scope generate, "genblk1[7]" "genblk1[7]" 4 38, 4 38 0, S_000002280b3c6fd0;
 .timescale 0 0;
P_000002280b3c9650 .param/l "i" 0 4 38, +C4<0111>;
S_000002280b441b80 .scope generate, "shifted_bit_gen" "shifted_bit_gen" 4 39, 4 39 0, S_000002280b441220;
 .timescale 0 0;
v000002280b4405c0_0 .net *"_ivl_0", 0 0, L_000002280b43fda0;  1 drivers
S_000002280b444e60 .scope module, "i4" "right_shift_of_N_by_S_using_right_shift_operation" 3 13, 4 55 0, S_000002280b3d4260;
 .timescale 0 0;
    .port_info 0 /INPUT 8 "a";
    .port_info 1 /OUTPUT 8 "res";
P_000002280b3b7420 .param/l "N" 0 4 56, +C4<00000000000000000000000000001000>;
P_000002280b3b7458 .param/l "S" 0 4 56, +C4<00000000000000000000000000000011>;
v000002280b43f120_0 .net *"_ivl_2", 4 0, L_000002280b43ff80;  1 drivers
L_000002280b5401f0 .functor BUFT 1, C4<000>, C4<0>, C4<0>, C4<0>;
v000002280b440c00_0 .net *"_ivl_4", 2 0, L_000002280b5401f0;  1 drivers
v000002280b440a20_0 .net "a", 7 0, v000002280b43f3a0_0;  alias, 1 drivers
v000002280b43f6c0_0 .net "res", 7 0, L_000002280b440160;  alias, 1 drivers
L_000002280b43ff80 .part v000002280b43f3a0_0, 0, 5;
L_000002280b440160 .concat [ 3 5 0 0], L_000002280b5401f0, L_000002280b43ff80;
S_000002280b4449b0 .scope module, "i5" "right_shift_of_N_by_S_using_concatenation" 3 16, 4 71 0, S_000002280b3d4260;
 .timescale 0 0;
    .port_info 0 /INPUT 8 "a";
    .port_info 1 /OUTPUT 8 "res";
P_000002280b3b7520 .param/l "N" 0 4 72, +C4<00000000000000000000000000001000>;
P_000002280b3b7558 .param/l "S" 0 4 72, +C4<00000000000000000000000000000011>;
v000002280b4402a0_0 .net "a", 7 0, v000002280b43f3a0_0;  alias, 1 drivers
v000002280b440980_0 .net "aa", 4 0, L_000002280b440200;  1 drivers
L_000002280b540238 .functor BUFT 1, C4<000>, C4<0>, C4<0>, C4<0>;
v000002280b4400c0_0 .net "bb", 2 0, L_000002280b540238;  1 drivers
v000002280b440b60_0 .net "res", 7 0, L_000002280b440700;  alias, 1 drivers
L_000002280b440200 .part v000002280b43f3a0_0, 0, 5;
L_000002280b440700 .concat [ 3 5 0 0], L_000002280b540238, L_000002280b440200;
S_000002280b444cd0 .scope module, "i6" "right_shift_of_N_by_S_using_for_inside_always" 3 19, 4 90 0, S_000002280b3d4260;
 .timescale 0 0;
    .port_info 0 /INPUT 8 "a";
    .port_info 1 /OUTPUT 8 "res";
P_000002280b3b75a0 .param/l "N" 0 4 91, +C4<00000000000000000000000000001000>;
P_000002280b3b75d8 .param/l "S" 0 4 91, +C4<00000000000000000000000000000011>;
v000002280b440d40_0 .net "a", 7 0, v000002280b43f3a0_0;  alias, 1 drivers
v000002280b43f4e0_0 .var "res", 7 0;
S_000002280b444820 .scope begin, "$ivl_for_loop1" "$ivl_for_loop1" 4 101, 4 101 0, S_000002280b444cd0;
 .timescale 0 0;
v000002280b440ca0_0 .var/2s "i", 31 0;
S_000002280b444ff0 .scope module, "i7" "right_shift_of_N_by_S_using_for_inside_generate" 3 22, 4 106 0, S_000002280b3d4260;
 .timescale 0 0;
    .port_info 0 /INPUT 8 "a";
    .port_info 1 /OUTPUT 8 "res";
P_000002280b3b7820 .param/l "N" 0 4 107, +C4<00000000000000000000000000001000>;
P_000002280b3b7858 .param/l "S" 0 4 107, +C4<00000000000000000000000000000011>;
v000002280b4403e0_0 .net "a", 7 0, v000002280b43f3a0_0;  alias, 1 drivers
v000002280b43f300_0 .net "res", 7 0, L_000002280b4507d0;  alias, 1 drivers
L_000002280b4407a0 .part v000002280b43f3a0_0, 0, 1;
L_000002280b44fd30 .part v000002280b43f3a0_0, 1, 1;
L_000002280b4509b0 .part v000002280b43f3a0_0, 2, 1;
L_000002280b451b30 .part v000002280b43f3a0_0, 3, 1;
L_000002280b540280 .functor BUFT 1, C4<0>, C4<0>, C4<0>, C4<0>;
L_000002280b5402c8 .functor BUFT 1, C4<0>, C4<0>, C4<0>, C4<0>;
L_000002280b540310 .functor BUFT 1, C4<0>, C4<0>, C4<0>, C4<0>;
LS_000002280b4507d0_0_0 .concat8 [ 1 1 1 1], L_000002280b540280, L_000002280b5402c8, L_000002280b540310, L_000002280b4407a0;
LS_000002280b4507d0_0_4 .concat8 [ 1 1 1 1], L_000002280b44fd30, L_000002280b4509b0, L_000002280b451b30, L_000002280b450b90;
L_000002280b4507d0 .concat8 [ 4 4 0 0], LS_000002280b4507d0_0_0, LS_000002280b4507d0_0_4;
L_000002280b450b90 .part v000002280b43f3a0_0, 4, 1;
S_000002280b443240 .scope generate, "genblk1[0]" "genblk1[0]" 4 119, 4 119 0, S_000002280b444ff0;
 .timescale 0 0;
P_000002280b3ca0d0 .param/l "i" 0 4 119, +C4<00>;
S_000002280b444370 .scope generate, "zero_bit_gen" "zero_bit_gen" 4 120, 4 120 0, S_000002280b443240;
 .timescale 0 0;
v000002280b440de0_0 .net/2u *"_ivl_0", 0 0, L_000002280b540280;  1 drivers
S_000002280b4441e0 .scope generate, "genblk1[1]" "genblk1[1]" 4 119, 4 119 0, S_000002280b444ff0;
 .timescale 0 0;
P_000002280b3c9d90 .param/l "i" 0 4 119, +C4<01>;
S_000002280b443a10 .scope generate, "zero_bit_gen" "zero_bit_gen" 4 120, 4 120 0, S_000002280b4441e0;
 .timescale 0 0;
v000002280b440e80_0 .net/2u *"_ivl_0", 0 0, L_000002280b5402c8;  1 drivers
S_000002280b4433d0 .scope generate, "genblk1[2]" "genblk1[2]" 4 119, 4 119 0, S_000002280b444ff0;
 .timescale 0 0;
P_000002280b3c9dd0 .param/l "i" 0 4 119, +C4<010>;
S_000002280b444500 .scope generate, "zero_bit_gen" "zero_bit_gen" 4 120, 4 120 0, S_000002280b4433d0;
 .timescale 0 0;
v000002280b440840_0 .net/2u *"_ivl_0", 0 0, L_000002280b540310;  1 drivers
S_000002280b443880 .scope generate, "genblk1[3]" "genblk1[3]" 4 119, 4 119 0, S_000002280b444ff0;
 .timescale 0 0;
P_000002280b3c97d0 .param/l "i" 0 4 119, +C4<011>;
S_000002280b4436f0 .scope generate, "shifted_bit_gen" "shifted_bit_gen" 4 120, 4 120 0, S_000002280b443880;
 .timescale 0 0;
v000002280b440480_0 .net *"_ivl_0", 0 0, L_000002280b4407a0;  1 drivers
S_000002280b444b40 .scope generate, "genblk1[4]" "genblk1[4]" 4 119, 4 119 0, S_000002280b444ff0;
 .timescale 0 0;
P_000002280b3c9e10 .param/l "i" 0 4 119, +C4<0100>;
S_000002280b444690 .scope generate, "shifted_bit_gen" "shifted_bit_gen" 4 120, 4 120 0, S_000002280b444b40;
 .timescale 0 0;
v000002280b43f1c0_0 .net *"_ivl_0", 0 0, L_000002280b44fd30;  1 drivers
S_000002280b443560 .scope generate, "genblk1[5]" "genblk1[5]" 4 119, 4 119 0, S_000002280b444ff0;
 .timescale 0 0;
P_000002280b3c9190 .param/l "i" 0 4 119, +C4<0101>;
S_000002280b443ba0 .scope generate, "shifted_bit_gen" "shifted_bit_gen" 4 120, 4 120 0, S_000002280b443560;
 .timescale 0 0;
v000002280b440520_0 .net *"_ivl_0", 0 0, L_000002280b4509b0;  1 drivers
S_000002280b443d30 .scope generate, "genblk1[6]" "genblk1[6]" 4 119, 4 119 0, S_000002280b444ff0;
 .timescale 0 0;
P_000002280b3c9f10 .param/l "i" 0 4 119, +C4<0110>;
S_000002280b443ec0 .scope generate, "shifted_bit_gen" "shifted_bit_gen" 4 120, 4 120 0, S_000002280b443d30;
 .timescale 0 0;
v000002280b43f260_0 .net *"_ivl_0", 0 0, L_000002280b451b30;  1 drivers
S_000002280b444050 .scope generate, "genblk1[7]" "genblk1[7]" 4 119, 4 119 0, S_000002280b444ff0;
 .timescale 0 0;
P_000002280b3c9c50 .param/l "i" 0 4 119, +C4<0111>;
S_000002280b44e160 .scope generate, "shifted_bit_gen" "shifted_bit_gen" 4 120, 4 120 0, S_000002280b444050;
 .timescale 0 0;
v000002280b43fee0_0 .net *"_ivl_0", 0 0, L_000002280b450b90;  1 drivers
    .scope S_000002280b3ca4a0;
T_0 ;
Ewait_0 .event/or E_000002280b3e6380, E_0x0;
    %wait Ewait_0;
    %fork t_1, S_000002280b3ca630;
    %jmp t_0;
    .scope S_000002280b3ca630;
t_1 ;
    %pushi/vec4 0, 0, 32;
    %store/vec4 v000002280b3e22a0_0, 0, 32;
T_0.0 ;
    %load/vec4 v000002280b3e22a0_0;
    %cmpi/s 8, 0, 32;
    %jmp/0xz T_0.1, 5;
    %load/vec4 v000002280b3e22a0_0;
    %cmpi/s 3, 0, 32;
    %flag_mov 8, 5;
    %jmp/0 T_0.2, 8;
    %pushi/vec4 0, 0, 1;
    %jmp/1 T_0.3, 8;
T_0.2 ; End of true expr.
    %load/vec4 v000002280b440340_0;
    %load/vec4 v000002280b3e22a0_0;
    %subi 3, 0, 32;
    %part/s 1;
    %jmp/0 T_0.3, 8;
 ; End of false expr.
    %blend;
T_0.3;
    %ix/getv/s 4, v000002280b3e22a0_0;
    %store/vec4 v000002280b440f20_0, 4, 1;
    ; show_stmt_assign_vector: Get l-value for compressed += operand
    %load/vec4 v000002280b3e22a0_0;
    %pushi/vec4 1, 0, 32;
    %add;
    %cast2;
    %store/vec4 v000002280b3e22a0_0, 0, 32;
    %jmp T_0.0;
T_0.1 ;
    %end;
    .scope S_000002280b3ca4a0;
t_0 %join;
    %jmp T_0;
    .thread T_0, $push;
    .scope S_000002280b444cd0;
T_1 ;
Ewait_1 .event/or E_000002280b3e6380, E_0x0;
    %wait Ewait_1;
    %fork t_3, S_000002280b444820;
    %jmp t_2;
    .scope S_000002280b444820;
t_3 ;
    %pushi/vec4 0, 0, 32;
    %store/vec4 v000002280b440ca0_0, 0, 32;
T_1.0 ;
    %load/vec4 v000002280b440ca0_0;
    %cmpi/s 8, 0, 32;
    %jmp/0xz T_1.1, 5;
    %load/vec4 v000002280b440ca0_0;
    %cmpi/s 3, 0, 32;
    %flag_mov 8, 5;
    %jmp/0 T_1.2, 8;
    %pushi/vec4 0, 0, 1;
    %jmp/1 T_1.3, 8;
T_1.2 ; End of true expr.
    %load/vec4 v000002280b440d40_0;
    %load/vec4 v000002280b440ca0_0;
    %subi 3, 0, 32;
    %part/s 1;
    %jmp/0 T_1.3, 8;
 ; End of false expr.
    %blend;
T_1.3;
    %ix/getv/s 4, v000002280b440ca0_0;
    %store/vec4 v000002280b43f4e0_0, 4, 1;
    ; show_stmt_assign_vector: Get l-value for compressed += operand
    %load/vec4 v000002280b440ca0_0;
    %pushi/vec4 1, 0, 32;
    %add;
    %cast2;
    %store/vec4 v000002280b440ca0_0, 0, 32;
    %jmp T_1.0;
T_1.1 ;
    %end;
    .scope S_000002280b444cd0;
t_2 %join;
    %jmp T_1;
    .thread T_1, $push;
    .scope S_000002280b3d4260;
T_2 ;
    %pushi/vec4 20, 0, 32;
T_2.0 %dup/vec4;
    %pushi/vec4 0, 0, 32;
    %cmp/s;
    %jmp/1xz T_2.1, 5;
    %jmp/1 T_2.1, 4;
    %pushi/vec4 1, 0, 32;
    %sub;
    %vpi_func 3 28 "$urandom" 32 {0 0 0};
    %pad/u 8;
    %store/vec4 v000002280b43f3a0_0, 0, 8;
    %delay 1, 0;
    %vpi_call/w 3 31 "$write", "TEST %b", v000002280b43f3a0_0 {0 0 0};
    %fork t_5, S_000002280b3c84b0;
    %jmp t_4;
    .scope S_000002280b3c84b0;
t_5 ;
    %pushi/vec4 0, 0, 32;
    %store/vec4 v000002280b3e2de0_0, 0, 32;
T_2.2 ;
    %load/vec4 v000002280b3e2de0_0;
    %cmpi/s 8, 0, 32;
    %jmp/0xz T_2.3, 5;
    %vpi_call/w 3 34 "$write", " %b", &A<v000002280b440660, v000002280b3e2de0_0 > {0 0 0};
    ; show_stmt_assign_vector: Get l-value for compressed += operand
    %load/vec4 v000002280b3e2de0_0;
    %pushi/vec4 1, 0, 32;
    %add;
    %cast2;
    %store/vec4 v000002280b3e2de0_0, 0, 32;
    %jmp T_2.2;
T_2.3 ;
    %end;
    .scope S_000002280b3d4260;
t_4 %join;
    %vpi_call/w 3 36 "$display" {0 0 0};
    %fork t_7, S_000002280b3c8640;
    %jmp t_6;
    .scope S_000002280b3c8640;
t_7 ;
    %pushi/vec4 0, 0, 32;
    %store/vec4 v000002280b3e2b60_0, 0, 32;
T_2.4 ;
    %load/vec4 v000002280b3e2b60_0;
    %cmpi/s 8, 0, 32;
    %jmp/0xz T_2.5, 5;
    %ix/getv/s 4, v000002280b3e2b60_0;
    %load/vec4a v000002280b440660, 4;
    %load/vec4 v000002280b3e2b60_0;
    %pushi/vec4 4, 0, 32;
    %div/s;
    %muli 4, 0, 32;
    %ix/vec4/s 4;
    %load/vec4a v000002280b440660, 4;
    %cmp/ne;
    %jmp/0xz  T_2.6, 6;
    %vpi_call/w 3 41 "$display", "FAIL %s - see above", "testbench.sv" {0 0 0};
    %vpi_call/w 3 42 "$finish" {0 0 0};
T_2.6 ;
    ; show_stmt_assign_vector: Get l-value for compressed += operand
    %load/vec4 v000002280b3e2b60_0;
    %pushi/vec4 1, 0, 32;
    %add;
    %cast2;
    %store/vec4 v000002280b3e2b60_0, 0, 32;
    %jmp T_2.4;
T_2.5 ;
    %end;
    .scope S_000002280b3d4260;
t_6 %join;
    %jmp T_2.0;
T_2.1 ;
    %pop/vec4 1;
    %vpi_call/w 3 46 "$display", "PASS %s", "testbench.sv" {0 0 0};
    %vpi_call/w 3 47 "$finish" {0 0 0};
    %end;
    .thread T_2;
# The file index is used to find the file name in the following table.
:file_names 5;
    "N/A";
    "<interactive>";
    "-";
    "testbench.sv";
    "04_04_four_ways_of_doing_shift.sv";
