#! /c/Source/iverilog-install/bin/vvp
:ivl_version "12.0 (devel)" "(s20150603-1539-g2693dd32b)";
:ivl_delay_selection "TYPICAL";
:vpi_time_precision + 0;
:vpi_module "C:\iverilog\lib\ivl\system.vpi";
:vpi_module "C:\iverilog\lib\ivl\vhdl_sys.vpi";
:vpi_module "C:\iverilog\lib\ivl\vhdl_textio.vpi";
:vpi_module "C:\iverilog\lib\ivl\v2005_math.vpi";
:vpi_module "C:\iverilog\lib\ivl\va_math.vpi";
:vpi_module "C:\iverilog\lib\ivl\v2009.vpi";
S_000001e22cfa4590 .scope package, "$unit" "$unit" 2 1;
 .timescale 0 0;
S_000001e22cf1e9a0 .scope module, "add" "add" 3 5;
 .timescale 0 0;
    .port_info 0 /INPUT 4 "a";
    .port_info 1 /INPUT 4 "b";
    .port_info 2 /OUTPUT 4 "sum";
o000001e22cfb5fa8 .functor BUFZ 4, C4<zzzz>; HiZ drive
v000001e22cf73b10_0 .net "a", 3 0, o000001e22cfb5fa8;  0 drivers
o000001e22cfb5fd8 .functor BUFZ 4, C4<zzzz>; HiZ drive
v000001e22cfa43b0_0 .net "b", 3 0, o000001e22cfb5fd8;  0 drivers
v000001e22cf1ecc0_0 .net "sum", 3 0, L_000001e22d00c750;  1 drivers
L_000001e22d00c750 .arith/sum 4, o000001e22cfb5fa8, o000001e22cfb5fd8;
S_000001e22cf1eb30 .scope module, "testbench" "testbench" 4 1;
 .timescale 0 0;
v000001e22d00c570_0 .var/s "a", 3 0;
v000001e22d00c610_0 .var/s "b", 3 0;
v000001e22d00c6b0_0 .net/s "sum", 3 0, L_000001e22d00ed40;  1 drivers
S_000001e22cf73340 .scope module, "inst" "signed_add_with_saturation" 4 5, 3 19 0, S_000001e22cf1eb30;
 .timescale 0 0;
    .port_info 0 /INPUT 4 "a";
    .port_info 1 /INPUT 4 "b";
    .port_info 2 /OUTPUT 4 "sum";
L_000001e22cf1ad80 .functor XNOR 1, L_000001e22d00c930, L_000001e22d00c9d0, C4<0>, C4<0>;
L_000001e22cf1adf0 .functor XNOR 1, L_000001e22d00d940, L_000001e22d00f4c0, C4<0>, C4<0>;
L_000001e22cf1af40 .functor NOT 1, L_000001e22cf1adf0, C4<0>, C4<0>, C4<0>;
L_000001e22cf1a8b0 .functor AND 1, L_000001e22cf1ad80, L_000001e22cf1af40, C4<1>, C4<1>;
L_000001e22cf1abc0 .functor NOT 1, L_000001e22d00ef20, C4<0>, C4<0>, C4<0>;
v000001e22cf1ed60_0 .net *"_ivl_11", 0 0, L_000001e22d00f4c0;  1 drivers
v000001e22cf734d0_0 .net *"_ivl_14", 0 0, L_000001e22cf1af40;  1 drivers
v000001e22d00ced0_0 .net *"_ivl_19", 0 0, L_000001e22d00ef20;  1 drivers
v000001e22d00c7f0_0 .net *"_ivl_20", 0 0, L_000001e22cf1abc0;  1 drivers
v000001e22d00cf70_0 .net *"_ivl_23", 0 0, L_000001e22d00de40;  1 drivers
v000001e22d00cc50_0 .net *"_ivl_24", 2 0, L_000001e22d00f380;  1 drivers
v000001e22d00c070_0 .net *"_ivl_26", 3 0, L_000001e22d00f2e0;  1 drivers
v000001e22d00cbb0_0 .net *"_ivl_3", 0 0, L_000001e22d00c930;  1 drivers
v000001e22d00c110_0 .net *"_ivl_5", 0 0, L_000001e22d00c9d0;  1 drivers
v000001e22d00ccf0_0 .net *"_ivl_9", 0 0, L_000001e22d00d940;  1 drivers
v000001e22d00cd90_0 .net "a", 3 0, v000001e22d00c570_0;  1 drivers
v000001e22d00c2f0_0 .net "b", 3 0, v000001e22d00c610_0;  1 drivers
v000001e22d00cb10_0 .net "overflow", 0 0, L_000001e22cf1a8b0;  1 drivers
v000001e22d00c1b0_0 .net "sign_eq_ab", 0 0, L_000001e22cf1ad80;  1 drivers
v000001e22d00c250_0 .net "sign_eq_asum", 0 0, L_000001e22cf1adf0;  1 drivers
v000001e22d00c390_0 .net "sum", 3 0, L_000001e22d00ed40;  alias, 1 drivers
v000001e22d00ce30_0 .net "sum_simple", 3 0, L_000001e22d00c890;  1 drivers
L_000001e22d00c890 .arith/sum 4, v000001e22d00c570_0, v000001e22d00c610_0;
L_000001e22d00c930 .part v000001e22d00c570_0, 3, 1;
L_000001e22d00c9d0 .part v000001e22d00c610_0, 3, 1;
L_000001e22d00d940 .part v000001e22d00c570_0, 3, 1;
L_000001e22d00f4c0 .part L_000001e22d00c890, 3, 1;
L_000001e22d00ef20 .part L_000001e22d00c890, 3, 1;
L_000001e22d00de40 .part L_000001e22d00c890, 3, 1;
L_000001e22d00f380 .concat [ 1 1 1 0], L_000001e22d00de40, L_000001e22d00de40, L_000001e22d00de40;
L_000001e22d00f2e0 .concat [ 3 1 0 0], L_000001e22d00f380, L_000001e22cf1abc0;
L_000001e22d00ed40 .functor MUXZ 4, L_000001e22d00c890, L_000001e22d00f2e0, L_000001e22cf1a8b0, C4<>;
S_000001e22d00d440 .scope task, "test" "test" 4 8, 4 8 0, S_000001e22cf1eb30;
 .timescale 0 0;
v000001e22d00c430_0 .var "t_a", 3 0;
v000001e22d00c4d0_0 .var "t_b", 3 0;
v000001e22d00ca70_0 .var "t_sum", 3 0;
TD_testbench.test ;
    %load/vec4 v000001e22d00c430_0;
    %load/vec4 v000001e22d00c4d0_0;
    %concat/vec4; draw_concat_vec4
    %split/vec4 4;
    %store/vec4 v000001e22d00c610_0, 0, 4;
    %store/vec4 v000001e22d00c570_0, 0, 4;
    %delay 1, 0;
    %vpi_call/w 4 17 "$display", "TEST %d + %d = %d", v000001e22d00c570_0, v000001e22d00c610_0, v000001e22d00c6b0_0 {0 0 0};
    %load/vec4 v000001e22d00c6b0_0;
    %load/vec4 v000001e22d00ca70_0;
    %cmp/ne;
    %jmp/0xz  T_0.0, 6;
    %vpi_call/w 4 21 "$display", "FAIL %s: %d EXPECTED", "testbench.sv", v000001e22d00ca70_0 {0 0 0};
    %vpi_call/w 4 22 "$finish" {0 0 0};
T_0.0 ;
    %end;
    .scope S_000001e22cf1eb30;
T_1 ;
    %pushi/vec4 0, 0, 4;
    %store/vec4 v000001e22d00c430_0, 0, 4;
    %pushi/vec4 0, 0, 4;
    %store/vec4 v000001e22d00c4d0_0, 0, 4;
    %pushi/vec4 0, 0, 4;
    %store/vec4 v000001e22d00ca70_0, 0, 4;
    %fork TD_testbench.test, S_000001e22d00d440;
    %join;
    %pushi/vec4 1, 0, 4;
    %store/vec4 v000001e22d00c430_0, 0, 4;
    %pushi/vec4 2, 0, 4;
    %store/vec4 v000001e22d00c4d0_0, 0, 4;
    %pushi/vec4 3, 0, 4;
    %store/vec4 v000001e22d00ca70_0, 0, 4;
    %fork TD_testbench.test, S_000001e22d00d440;
    %join;
    %pushi/vec4 1, 0, 4;
    %store/vec4 v000001e22d00c430_0, 0, 4;
    %pushi/vec4 14, 0, 4;
    %store/vec4 v000001e22d00c4d0_0, 0, 4;
    %pushi/vec4 15, 0, 4;
    %store/vec4 v000001e22d00ca70_0, 0, 4;
    %fork TD_testbench.test, S_000001e22d00d440;
    %join;
    %pushi/vec4 15, 0, 4;
    %store/vec4 v000001e22d00c430_0, 0, 4;
    %pushi/vec4 2, 0, 4;
    %store/vec4 v000001e22d00c4d0_0, 0, 4;
    %pushi/vec4 1, 0, 4;
    %store/vec4 v000001e22d00ca70_0, 0, 4;
    %fork TD_testbench.test, S_000001e22d00d440;
    %join;
    %pushi/vec4 15, 0, 4;
    %store/vec4 v000001e22d00c430_0, 0, 4;
    %pushi/vec4 14, 0, 4;
    %store/vec4 v000001e22d00c4d0_0, 0, 4;
    %pushi/vec4 13, 0, 4;
    %store/vec4 v000001e22d00ca70_0, 0, 4;
    %fork TD_testbench.test, S_000001e22d00d440;
    %join;
    %pushi/vec4 4, 0, 4;
    %store/vec4 v000001e22d00c430_0, 0, 4;
    %pushi/vec4 7, 0, 4;
    %store/vec4 v000001e22d00c4d0_0, 0, 4;
    %pushi/vec4 7, 0, 4;
    %store/vec4 v000001e22d00ca70_0, 0, 4;
    %fork TD_testbench.test, S_000001e22d00d440;
    %join;
    %pushi/vec4 4, 0, 4;
    %store/vec4 v000001e22d00c430_0, 0, 4;
    %pushi/vec4 9, 0, 4;
    %store/vec4 v000001e22d00c4d0_0, 0, 4;
    %pushi/vec4 13, 0, 4;
    %store/vec4 v000001e22d00ca70_0, 0, 4;
    %fork TD_testbench.test, S_000001e22d00d440;
    %join;
    %pushi/vec4 12, 0, 4;
    %store/vec4 v000001e22d00c430_0, 0, 4;
    %pushi/vec4 7, 0, 4;
    %store/vec4 v000001e22d00c4d0_0, 0, 4;
    %pushi/vec4 3, 0, 4;
    %store/vec4 v000001e22d00ca70_0, 0, 4;
    %fork TD_testbench.test, S_000001e22d00d440;
    %join;
    %pushi/vec4 12, 0, 4;
    %store/vec4 v000001e22d00c430_0, 0, 4;
    %pushi/vec4 9, 0, 4;
    %store/vec4 v000001e22d00c4d0_0, 0, 4;
    %pushi/vec4 8, 0, 4;
    %store/vec4 v000001e22d00ca70_0, 0, 4;
    %fork TD_testbench.test, S_000001e22d00d440;
    %join;
    %pushi/vec4 3, 0, 4;
    %store/vec4 v000001e22d00c430_0, 0, 4;
    %pushi/vec4 5, 0, 4;
    %store/vec4 v000001e22d00c4d0_0, 0, 4;
    %pushi/vec4 7, 0, 4;
    %store/vec4 v000001e22d00ca70_0, 0, 4;
    %fork TD_testbench.test, S_000001e22d00d440;
    %join;
    %pushi/vec4 3, 0, 4;
    %store/vec4 v000001e22d00c430_0, 0, 4;
    %pushi/vec4 11, 0, 4;
    %store/vec4 v000001e22d00c4d0_0, 0, 4;
    %pushi/vec4 14, 0, 4;
    %store/vec4 v000001e22d00ca70_0, 0, 4;
    %fork TD_testbench.test, S_000001e22d00d440;
    %join;
    %pushi/vec4 13, 0, 4;
    %store/vec4 v000001e22d00c430_0, 0, 4;
    %pushi/vec4 5, 0, 4;
    %store/vec4 v000001e22d00c4d0_0, 0, 4;
    %pushi/vec4 2, 0, 4;
    %store/vec4 v000001e22d00ca70_0, 0, 4;
    %fork TD_testbench.test, S_000001e22d00d440;
    %join;
    %pushi/vec4 13, 0, 4;
    %store/vec4 v000001e22d00c430_0, 0, 4;
    %pushi/vec4 11, 0, 4;
    %store/vec4 v000001e22d00c4d0_0, 0, 4;
    %pushi/vec4 8, 0, 4;
    %store/vec4 v000001e22d00ca70_0, 0, 4;
    %fork TD_testbench.test, S_000001e22d00d440;
    %join;
    %pushi/vec4 3, 0, 4;
    %store/vec4 v000001e22d00c430_0, 0, 4;
    %pushi/vec4 6, 0, 4;
    %store/vec4 v000001e22d00c4d0_0, 0, 4;
    %pushi/vec4 7, 0, 4;
    %store/vec4 v000001e22d00ca70_0, 0, 4;
    %fork TD_testbench.test, S_000001e22d00d440;
    %join;
    %pushi/vec4 3, 0, 4;
    %store/vec4 v000001e22d00c430_0, 0, 4;
    %pushi/vec4 10, 0, 4;
    %store/vec4 v000001e22d00c4d0_0, 0, 4;
    %pushi/vec4 13, 0, 4;
    %store/vec4 v000001e22d00ca70_0, 0, 4;
    %fork TD_testbench.test, S_000001e22d00d440;
    %join;
    %pushi/vec4 13, 0, 4;
    %store/vec4 v000001e22d00c430_0, 0, 4;
    %pushi/vec4 6, 0, 4;
    %store/vec4 v000001e22d00c4d0_0, 0, 4;
    %pushi/vec4 3, 0, 4;
    %store/vec4 v000001e22d00ca70_0, 0, 4;
    %fork TD_testbench.test, S_000001e22d00d440;
    %join;
    %pushi/vec4 13, 0, 4;
    %store/vec4 v000001e22d00c430_0, 0, 4;
    %pushi/vec4 10, 0, 4;
    %store/vec4 v000001e22d00c4d0_0, 0, 4;
    %pushi/vec4 8, 0, 4;
    %store/vec4 v000001e22d00ca70_0, 0, 4;
    %fork TD_testbench.test, S_000001e22d00d440;
    %join;
    %pushi/vec4 2, 0, 4;
    %store/vec4 v000001e22d00c430_0, 0, 4;
    %pushi/vec4 1, 0, 4;
    %store/vec4 v000001e22d00c4d0_0, 0, 4;
    %pushi/vec4 3, 0, 4;
    %store/vec4 v000001e22d00ca70_0, 0, 4;
    %fork TD_testbench.test, S_000001e22d00d440;
    %join;
    %pushi/vec4 14, 0, 4;
    %store/vec4 v000001e22d00c430_0, 0, 4;
    %pushi/vec4 1, 0, 4;
    %store/vec4 v000001e22d00c4d0_0, 0, 4;
    %pushi/vec4 15, 0, 4;
    %store/vec4 v000001e22d00ca70_0, 0, 4;
    %fork TD_testbench.test, S_000001e22d00d440;
    %join;
    %pushi/vec4 2, 0, 4;
    %store/vec4 v000001e22d00c430_0, 0, 4;
    %pushi/vec4 15, 0, 4;
    %store/vec4 v000001e22d00c4d0_0, 0, 4;
    %pushi/vec4 1, 0, 4;
    %store/vec4 v000001e22d00ca70_0, 0, 4;
    %fork TD_testbench.test, S_000001e22d00d440;
    %join;
    %pushi/vec4 14, 0, 4;
    %store/vec4 v000001e22d00c430_0, 0, 4;
    %pushi/vec4 15, 0, 4;
    %store/vec4 v000001e22d00c4d0_0, 0, 4;
    %pushi/vec4 13, 0, 4;
    %store/vec4 v000001e22d00ca70_0, 0, 4;
    %fork TD_testbench.test, S_000001e22d00d440;
    %join;
    %pushi/vec4 7, 0, 4;
    %store/vec4 v000001e22d00c430_0, 0, 4;
    %pushi/vec4 4, 0, 4;
    %store/vec4 v000001e22d00c4d0_0, 0, 4;
    %pushi/vec4 7, 0, 4;
    %store/vec4 v000001e22d00ca70_0, 0, 4;
    %fork TD_testbench.test, S_000001e22d00d440;
    %join;
    %pushi/vec4 9, 0, 4;
    %store/vec4 v000001e22d00c430_0, 0, 4;
    %pushi/vec4 4, 0, 4;
    %store/vec4 v000001e22d00c4d0_0, 0, 4;
    %pushi/vec4 13, 0, 4;
    %store/vec4 v000001e22d00ca70_0, 0, 4;
    %fork TD_testbench.test, S_000001e22d00d440;
    %join;
    %pushi/vec4 7, 0, 4;
    %store/vec4 v000001e22d00c430_0, 0, 4;
    %pushi/vec4 12, 0, 4;
    %store/vec4 v000001e22d00c4d0_0, 0, 4;
    %pushi/vec4 3, 0, 4;
    %store/vec4 v000001e22d00ca70_0, 0, 4;
    %fork TD_testbench.test, S_000001e22d00d440;
    %join;
    %pushi/vec4 9, 0, 4;
    %store/vec4 v000001e22d00c430_0, 0, 4;
    %pushi/vec4 12, 0, 4;
    %store/vec4 v000001e22d00c4d0_0, 0, 4;
    %pushi/vec4 8, 0, 4;
    %store/vec4 v000001e22d00ca70_0, 0, 4;
    %fork TD_testbench.test, S_000001e22d00d440;
    %join;
    %pushi/vec4 5, 0, 4;
    %store/vec4 v000001e22d00c430_0, 0, 4;
    %pushi/vec4 3, 0, 4;
    %store/vec4 v000001e22d00c4d0_0, 0, 4;
    %pushi/vec4 7, 0, 4;
    %store/vec4 v000001e22d00ca70_0, 0, 4;
    %fork TD_testbench.test, S_000001e22d00d440;
    %join;
    %pushi/vec4 11, 0, 4;
    %store/vec4 v000001e22d00c430_0, 0, 4;
    %pushi/vec4 3, 0, 4;
    %store/vec4 v000001e22d00c4d0_0, 0, 4;
    %pushi/vec4 14, 0, 4;
    %store/vec4 v000001e22d00ca70_0, 0, 4;
    %fork TD_testbench.test, S_000001e22d00d440;
    %join;
    %pushi/vec4 5, 0, 4;
    %store/vec4 v000001e22d00c430_0, 0, 4;
    %pushi/vec4 13, 0, 4;
    %store/vec4 v000001e22d00c4d0_0, 0, 4;
    %pushi/vec4 2, 0, 4;
    %store/vec4 v000001e22d00ca70_0, 0, 4;
    %fork TD_testbench.test, S_000001e22d00d440;
    %join;
    %pushi/vec4 11, 0, 4;
    %store/vec4 v000001e22d00c430_0, 0, 4;
    %pushi/vec4 13, 0, 4;
    %store/vec4 v000001e22d00c4d0_0, 0, 4;
    %pushi/vec4 8, 0, 4;
    %store/vec4 v000001e22d00ca70_0, 0, 4;
    %fork TD_testbench.test, S_000001e22d00d440;
    %join;
    %pushi/vec4 6, 0, 4;
    %store/vec4 v000001e22d00c430_0, 0, 4;
    %pushi/vec4 3, 0, 4;
    %store/vec4 v000001e22d00c4d0_0, 0, 4;
    %pushi/vec4 7, 0, 4;
    %store/vec4 v000001e22d00ca70_0, 0, 4;
    %fork TD_testbench.test, S_000001e22d00d440;
    %join;
    %pushi/vec4 10, 0, 4;
    %store/vec4 v000001e22d00c430_0, 0, 4;
    %pushi/vec4 3, 0, 4;
    %store/vec4 v000001e22d00c4d0_0, 0, 4;
    %pushi/vec4 13, 0, 4;
    %store/vec4 v000001e22d00ca70_0, 0, 4;
    %fork TD_testbench.test, S_000001e22d00d440;
    %join;
    %pushi/vec4 6, 0, 4;
    %store/vec4 v000001e22d00c430_0, 0, 4;
    %pushi/vec4 13, 0, 4;
    %store/vec4 v000001e22d00c4d0_0, 0, 4;
    %pushi/vec4 3, 0, 4;
    %store/vec4 v000001e22d00ca70_0, 0, 4;
    %fork TD_testbench.test, S_000001e22d00d440;
    %join;
    %pushi/vec4 10, 0, 4;
    %store/vec4 v000001e22d00c430_0, 0, 4;
    %pushi/vec4 13, 0, 4;
    %store/vec4 v000001e22d00c4d0_0, 0, 4;
    %pushi/vec4 8, 0, 4;
    %store/vec4 v000001e22d00ca70_0, 0, 4;
    %fork TD_testbench.test, S_000001e22d00d440;
    %join;
    %pushi/vec4 1, 0, 4;
    %store/vec4 v000001e22d00c430_0, 0, 4;
    %pushi/vec4 1, 0, 4;
    %store/vec4 v000001e22d00c4d0_0, 0, 4;
    %pushi/vec4 2, 0, 4;
    %store/vec4 v000001e22d00ca70_0, 0, 4;
    %fork TD_testbench.test, S_000001e22d00d440;
    %join;
    %pushi/vec4 1, 0, 4;
    %store/vec4 v000001e22d00c430_0, 0, 4;
    %pushi/vec4 15, 0, 4;
    %store/vec4 v000001e22d00c4d0_0, 0, 4;
    %pushi/vec4 0, 0, 4;
    %store/vec4 v000001e22d00ca70_0, 0, 4;
    %fork TD_testbench.test, S_000001e22d00d440;
    %join;
    %pushi/vec4 15, 0, 4;
    %store/vec4 v000001e22d00c430_0, 0, 4;
    %pushi/vec4 1, 0, 4;
    %store/vec4 v000001e22d00c4d0_0, 0, 4;
    %pushi/vec4 0, 0, 4;
    %store/vec4 v000001e22d00ca70_0, 0, 4;
    %fork TD_testbench.test, S_000001e22d00d440;
    %join;
    %pushi/vec4 15, 0, 4;
    %store/vec4 v000001e22d00c430_0, 0, 4;
    %pushi/vec4 15, 0, 4;
    %store/vec4 v000001e22d00c4d0_0, 0, 4;
    %pushi/vec4 14, 0, 4;
    %store/vec4 v000001e22d00ca70_0, 0, 4;
    %fork TD_testbench.test, S_000001e22d00d440;
    %join;
    %pushi/vec4 4, 0, 4;
    %store/vec4 v000001e22d00c430_0, 0, 4;
    %pushi/vec4 4, 0, 4;
    %store/vec4 v000001e22d00c4d0_0, 0, 4;
    %pushi/vec4 7, 0, 4;
    %store/vec4 v000001e22d00ca70_0, 0, 4;
    %fork TD_testbench.test, S_000001e22d00d440;
    %join;
    %pushi/vec4 4, 0, 4;
    %store/vec4 v000001e22d00c430_0, 0, 4;
    %pushi/vec4 12, 0, 4;
    %store/vec4 v000001e22d00c4d0_0, 0, 4;
    %pushi/vec4 0, 0, 4;
    %store/vec4 v000001e22d00ca70_0, 0, 4;
    %fork TD_testbench.test, S_000001e22d00d440;
    %join;
    %pushi/vec4 12, 0, 4;
    %store/vec4 v000001e22d00c430_0, 0, 4;
    %pushi/vec4 4, 0, 4;
    %store/vec4 v000001e22d00c4d0_0, 0, 4;
    %pushi/vec4 0, 0, 4;
    %store/vec4 v000001e22d00ca70_0, 0, 4;
    %fork TD_testbench.test, S_000001e22d00d440;
    %join;
    %pushi/vec4 12, 0, 4;
    %store/vec4 v000001e22d00c430_0, 0, 4;
    %pushi/vec4 12, 0, 4;
    %store/vec4 v000001e22d00c4d0_0, 0, 4;
    %pushi/vec4 8, 0, 4;
    %store/vec4 v000001e22d00ca70_0, 0, 4;
    %fork TD_testbench.test, S_000001e22d00d440;
    %join;
    %vpi_call/w 4 81 "$display", "PASS %s", "testbench.sv" {0 0 0};
    %vpi_call/w 4 82 "$finish" {0 0 0};
    %end;
    .thread T_1;
# The file index is used to find the file name in the following table.
:file_names 5;
    "N/A";
    "<interactive>";
    "-";
    "04_02_signed_add_with_saturation.sv";
    "testbench.sv";
