#! /c/Source/iverilog-install/bin/vvp
:ivl_version "12.0 (devel)" "(s20150603-1539-g2693dd32b)";
:ivl_delay_selection "TYPICAL";
:vpi_time_precision + 0;
:vpi_module "C:\iverilog\lib\ivl\system.vpi";
:vpi_module "C:\iverilog\lib\ivl\vhdl_sys.vpi";
:vpi_module "C:\iverilog\lib\ivl\vhdl_textio.vpi";
:vpi_module "C:\iverilog\lib\ivl\v2005_math.vpi";
:vpi_module "C:\iverilog\lib\ivl\va_math.vpi";
:vpi_module "C:\iverilog\lib\ivl\v2009.vpi";
S_0000022b5f0db8c0 .scope package, "$unit" "$unit" 2 1;
 .timescale 0 0;
S_0000022b5f0f6690 .scope module, "testbench" "testbench" 3 1;
 .timescale 0 0;
P_0000022b5f0d6c30 .param/l "N" 1 3 3, +C4<00000000000000000000000000001000>;
P_0000022b5f0d6c68 .param/l "S" 1 3 3, +C4<00000000000000000000000000000011>;
v0000022b5f154470_0 .var/s "a", 7 0;
v0000022b5f153110 .array "res", 3 0;
v0000022b5f153110_0 .net/s v0000022b5f153110 0, 7 0, L_0000022b5f153ed0; 1 drivers
v0000022b5f153110_1 .net/s v0000022b5f153110 1, 7 0, L_0000022b5f154510; 1 drivers
v0000022b5f153110_2 .net/s v0000022b5f153110 2, 7 0, v0000022b5f0f3140_0; 1 drivers
v0000022b5f153110_3 .net/s v0000022b5f153110 3, 7 0, L_0000022b5f153250; 1 drivers
S_0000022b5f0ebbb0 .scope begin, "$ivl_for_loop0" "$ivl_for_loop0" 3 28, 3 28 0, S_0000022b5f0f6690;
 .timescale 0 0;
v0000022b5f0f35a0_0 .var/2s "i", 31 0;
S_0000022b5f0ebd40 .scope begin, "$ivl_for_loop1" "$ivl_for_loop1" 3 33, 3 33 0, S_0000022b5f0f6690;
 .timescale 0 0;
v0000022b5f0f3a00_0 .var/2s "i", 31 0;
S_0000022b5f0e6b70 .scope module, "i4" "arithmetic_right_shift_of_N_by_S_using_arithmetic_right_shift_operation" 3 8, 4 5 0, S_0000022b5f0f6690;
 .timescale 0 0;
    .port_info 0 /INPUT 8 "a";
    .port_info 1 /OUTPUT 8 "res";
P_0000022b5f0d6d30 .param/l "N" 0 4 6, +C4<00000000000000000000000000001000>;
P_0000022b5f0d6d68 .param/l "S" 0 4 6, +C4<00000000000000000000000000000011>;
L_0000022b5f0f0850 .functor BUFZ 8, v0000022b5f154470_0, C4<00000000>, C4<00000000>, C4<00000000>;
v0000022b5f0f33c0_0 .net *"_ivl_4", 4 0, L_0000022b5f1531b0;  1 drivers
v0000022b5f0f36e0_0 .net "a", 7 0, v0000022b5f154470_0;  1 drivers
v0000022b5f0f38c0_0 .net/s "as", 7 0, L_0000022b5f0f0850;  1 drivers
v0000022b5f0f3640_0 .net "res", 7 0, L_0000022b5f153ed0;  alias, 1 drivers
L_0000022b5f1531b0 .part L_0000022b5f0f0850, 3, 5;
L_0000022b5f153ed0 .extend/s 8, L_0000022b5f1531b0;
S_0000022b5f0e6d00 .scope module, "i5" "arithmetic_right_shift_of_N_by_S_using_concatenation" 3 11, 4 18 0, S_0000022b5f0f6690;
 .timescale 0 0;
    .port_info 0 /INPUT 8 "a";
    .port_info 1 /OUTPUT 8 "res";
P_0000022b5f0d72b0 .param/l "N" 0 4 19, +C4<00000000000000000000000000001000>;
P_0000022b5f0d72e8 .param/l "S" 0 4 19, +C4<00000000000000000000000000000011>;
v0000022b5f0f3780_0 .net *"_ivl_1", 0 0, L_0000022b5f152e90;  1 drivers
v0000022b5f0f3820_0 .net *"_ivl_2", 2 0, L_0000022b5f1546f0;  1 drivers
v0000022b5f0f3aa0_0 .net *"_ivl_5", 4 0, L_0000022b5f153c50;  1 drivers
v0000022b5f0f3960_0 .net "a", 7 0, v0000022b5f154470_0;  alias, 1 drivers
v0000022b5f0f3c80_0 .net "res", 7 0, L_0000022b5f154510;  alias, 1 drivers
L_0000022b5f152e90 .part v0000022b5f154470_0, 7, 1;
L_0000022b5f1546f0 .concat [ 1 1 1 0], L_0000022b5f152e90, L_0000022b5f152e90, L_0000022b5f152e90;
L_0000022b5f153c50 .part v0000022b5f154470_0, 3, 5;
L_0000022b5f154510 .concat [ 5 3 0 0], L_0000022b5f153c50, L_0000022b5f1546f0;
S_0000022b5ef1dbd0 .scope module, "i6" "arithmetic_right_shift_of_N_by_S_using_for_inside_always" 3 14, 4 33 0, S_0000022b5f0f6690;
 .timescale 0 0;
    .port_info 0 /INPUT 8 "a";
    .port_info 1 /OUTPUT 8 "res";
P_0000022b5f0d7530 .param/l "N" 0 4 34, +C4<00000000000000000000000000001000>;
P_0000022b5f0d7568 .param/l "S" 0 4 34, +C4<00000000000000000000000000000011>;
v0000022b5f0f3b40_0 .net "a", 7 0, v0000022b5f154470_0;  alias, 1 drivers
v0000022b5f0f3be0_0 .var/i "i", 31 0;
v0000022b5f0f3140_0 .var "res", 7 0;
E_0000022b5f0f7690 .event anyedge, v0000022b5f0f36e0_0, v0000022b5f0f36e0_0;
S_0000022b5ef1dd60 .scope module, "i7" "arithmetic_right_shift_of_N_by_S_using_for_inside_generate" 3 17, 4 63 0, S_0000022b5f0f6690;
 .timescale 0 0;
    .port_info 0 /INPUT 8 "a";
    .port_info 1 /OUTPUT 8 "res";
P_0000022b5f0d6db0 .param/l "N" 0 4 64, +C4<00000000000000000000000000001000>;
P_0000022b5f0d6de8 .param/l "S" 0 4 64, +C4<00000000000000000000000000000011>;
v0000022b5f0f3460_0 .net "a", 7 0, v0000022b5f154470_0;  alias, 1 drivers
v0000022b5f1543d0_0 .net "res", 7 0, L_0000022b5f153250;  alias, 1 drivers
L_0000022b5f1541f0 .part v0000022b5f154470_0, 3, 1;
L_0000022b5f153890 .part v0000022b5f154470_0, 4, 1;
L_0000022b5f154290 .part v0000022b5f154470_0, 5, 1;
L_0000022b5f1537f0 .part v0000022b5f154470_0, 6, 1;
L_0000022b5f154330 .part v0000022b5f154470_0, 7, 1;
L_0000022b5f153bb0 .part v0000022b5f154470_0, 7, 1;
L_0000022b5f1545b0 .part v0000022b5f154470_0, 7, 1;
LS_0000022b5f153250_0_0 .concat8 [ 1 1 1 1], L_0000022b5f1541f0, L_0000022b5f153890, L_0000022b5f154290, L_0000022b5f1537f0;
LS_0000022b5f153250_0_4 .concat8 [ 1 1 1 1], L_0000022b5f154330, L_0000022b5f153bb0, L_0000022b5f1545b0, L_0000022b5f1528f0;
L_0000022b5f153250 .concat8 [ 4 4 0 0], LS_0000022b5f153250_0_0, LS_0000022b5f153250_0_4;
L_0000022b5f1528f0 .part v0000022b5f154470_0, 7, 1;
S_0000022b5f0b2d30 .scope generate, "right_ariphmetic_shift[0]" "right_ariphmetic_shift[0]" 4 75, 4 75 0, S_0000022b5ef1dd60;
 .timescale 0 0;
P_0000022b5f0f7890 .param/l "i" 0 4 75, +C4<00>;
S_0000022b5f0b2ec0 .scope generate, "genblk1" "genblk1" 4 77, 4 77 0, S_0000022b5f0b2d30;
 .timescale 0 0;
v0000022b5f0f3d20_0 .net *"_ivl_0", 0 0, L_0000022b5f1541f0;  1 drivers
S_0000022b5f1500b0 .scope generate, "right_ariphmetic_shift[1]" "right_ariphmetic_shift[1]" 4 75, 4 75 0, S_0000022b5ef1dd60;
 .timescale 0 0;
P_0000022b5f0f7750 .param/l "i" 0 4 75, +C4<01>;
S_0000022b5f150240 .scope generate, "genblk1" "genblk1" 4 77, 4 77 0, S_0000022b5f1500b0;
 .timescale 0 0;
v0000022b5f0f3dc0_0 .net *"_ivl_0", 0 0, L_0000022b5f153890;  1 drivers
S_0000022b5f1513e0 .scope generate, "right_ariphmetic_shift[2]" "right_ariphmetic_shift[2]" 4 75, 4 75 0, S_0000022b5ef1dd60;
 .timescale 0 0;
P_0000022b5f0f7c90 .param/l "i" 0 4 75, +C4<010>;
S_0000022b5f151570 .scope generate, "genblk1" "genblk1" 4 77, 4 77 0, S_0000022b5f1513e0;
 .timescale 0 0;
v0000022b5f0f3e60_0 .net *"_ivl_0", 0 0, L_0000022b5f154290;  1 drivers
S_0000022b5f151700 .scope generate, "right_ariphmetic_shift[3]" "right_ariphmetic_shift[3]" 4 75, 4 75 0, S_0000022b5ef1dd60;
 .timescale 0 0;
P_0000022b5f0f7a50 .param/l "i" 0 4 75, +C4<011>;
S_0000022b5f1523d0 .scope generate, "genblk1" "genblk1" 4 77, 4 77 0, S_0000022b5f151700;
 .timescale 0 0;
v0000022b5f0f3f00_0 .net *"_ivl_0", 0 0, L_0000022b5f1537f0;  1 drivers
S_0000022b5f1526f0 .scope generate, "right_ariphmetic_shift[4]" "right_ariphmetic_shift[4]" 4 75, 4 75 0, S_0000022b5ef1dd60;
 .timescale 0 0;
P_0000022b5f0f78d0 .param/l "i" 0 4 75, +C4<0100>;
S_0000022b5f151f20 .scope generate, "genblk1" "genblk1" 4 77, 4 77 0, S_0000022b5f1526f0;
 .timescale 0 0;
v0000022b5f0f3320_0 .net *"_ivl_0", 0 0, L_0000022b5f154330;  1 drivers
S_0000022b5f1520b0 .scope generate, "right_ariphmetic_shift[5]" "right_ariphmetic_shift[5]" 4 75, 4 75 0, S_0000022b5ef1dd60;
 .timescale 0 0;
P_0000022b5f0f7cd0 .param/l "i" 0 4 75, +C4<0101>;
S_0000022b5f151a70 .scope generate, "genblk1" "genblk1" 4 77, 4 77 0, S_0000022b5f1520b0;
 .timescale 0 0;
v0000022b5f0f30a0_0 .net *"_ivl_0", 0 0, L_0000022b5f153bb0;  1 drivers
S_0000022b5f152240 .scope generate, "right_ariphmetic_shift[6]" "right_ariphmetic_shift[6]" 4 75, 4 75 0, S_0000022b5ef1dd60;
 .timescale 0 0;
P_0000022b5f0f72d0 .param/l "i" 0 4 75, +C4<0110>;
S_0000022b5f152560 .scope generate, "genblk1" "genblk1" 4 77, 4 77 0, S_0000022b5f152240;
 .timescale 0 0;
v0000022b5f0f31e0_0 .net *"_ivl_0", 0 0, L_0000022b5f1545b0;  1 drivers
S_0000022b5f1518e0 .scope generate, "right_ariphmetic_shift[7]" "right_ariphmetic_shift[7]" 4 75, 4 75 0, S_0000022b5ef1dd60;
 .timescale 0 0;
P_0000022b5f0f6f50 .param/l "i" 0 4 75, +C4<0111>;
S_0000022b5f151c00 .scope generate, "genblk1" "genblk1" 4 77, 4 77 0, S_0000022b5f1518e0;
 .timescale 0 0;
v0000022b5f0f3500_0 .net *"_ivl_0", 0 0, L_0000022b5f1528f0;  1 drivers
    .scope S_0000022b5ef1dbd0;
T_0 ;
Ewait_0 .event/or E_0000022b5f0f7690, E_0x0;
    %wait Ewait_0;
    %pushi/vec4 0, 0, 32;
    %store/vec4 v0000022b5f0f3be0_0, 0, 32;
T_0.0 ;
    %load/vec4 v0000022b5f0f3be0_0;
    %cmpi/s 8, 0, 32;
    %jmp/0xz T_0.1, 5;
    %load/vec4 v0000022b5f0f3be0_0;
    %cmpi/s 5, 0, 32;
    %jmp/0xz  T_0.2, 5;
    %load/vec4 v0000022b5f0f3b40_0;
    %load/vec4 v0000022b5f0f3be0_0;
    %addi 3, 0, 32;
    %part/s 1;
    %ix/getv/s 4, v0000022b5f0f3be0_0;
    %store/vec4 v0000022b5f0f3140_0, 4, 1;
    %jmp T_0.3;
T_0.2 ;
    %load/vec4 v0000022b5f0f3b40_0;
    %parti/s 1, 7, 4;
    %ix/getv/s 4, v0000022b5f0f3be0_0;
    %store/vec4 v0000022b5f0f3140_0, 4, 1;
T_0.3 ;
    ; show_stmt_assign_vector: Get l-value for compressed += operand
    %load/vec4 v0000022b5f0f3be0_0;
    %pushi/vec4 1, 0, 32;
    %add;
    %store/vec4 v0000022b5f0f3be0_0, 0, 32;
    %jmp T_0.0;
T_0.1 ;
    %jmp T_0;
    .thread T_0, $push;
    .scope S_0000022b5f0f6690;
T_1 ;
    %pushi/vec4 20, 0, 32;
T_1.0 %dup/vec4;
    %pushi/vec4 0, 0, 32;
    %cmp/s;
    %jmp/1xz T_1.1, 5;
    %jmp/1 T_1.1, 4;
    %pushi/vec4 1, 0, 32;
    %sub;
    %vpi_func 3 23 "$urandom" 32 {0 0 0};
    %pad/u 8;
    %store/vec4 v0000022b5f154470_0, 0, 8;
    %delay 1, 0;
    %vpi_call/w 3 26 "$write", "TEST %d %b", v0000022b5f154470_0, v0000022b5f154470_0 {0 0 0};
    %fork t_1, S_0000022b5f0ebbb0;
    %jmp t_0;
    .scope S_0000022b5f0ebbb0;
t_1 ;
    %pushi/vec4 0, 0, 32;
    %store/vec4 v0000022b5f0f35a0_0, 0, 32;
T_1.2 ;
    %load/vec4 v0000022b5f0f35a0_0;
    %cmpi/s 4, 0, 32;
    %jmp/0xz T_1.3, 5;
    %vpi_call/w 3 29 "$write", " %d %b", &A<v0000022b5f153110, v0000022b5f0f35a0_0 >, &A<v0000022b5f153110, v0000022b5f0f35a0_0 > {0 0 0};
    ; show_stmt_assign_vector: Get l-value for compressed += operand
    %load/vec4 v0000022b5f0f35a0_0;
    %pushi/vec4 1, 0, 32;
    %add;
    %cast2;
    %store/vec4 v0000022b5f0f35a0_0, 0, 32;
    %jmp T_1.2;
T_1.3 ;
    %end;
    .scope S_0000022b5f0f6690;
t_0 %join;
    %vpi_call/w 3 31 "$display" {0 0 0};
    %fork t_3, S_0000022b5f0ebd40;
    %jmp t_2;
    .scope S_0000022b5f0ebd40;
t_3 ;
    %pushi/vec4 1, 0, 32;
    %store/vec4 v0000022b5f0f3a00_0, 0, 32;
T_1.4 ;
    %load/vec4 v0000022b5f0f3a00_0;
    %cmpi/s 4, 0, 32;
    %jmp/0xz T_1.5, 5;
    %ix/getv/s 4, v0000022b5f0f3a00_0;
    %load/vec4a v0000022b5f153110, 4;
    %ix/load 4, 0, 0;
    %flag_set/imm 4, 0;
    %load/vec4a v0000022b5f153110, 4;
    %cmp/ne;
    %jmp/0xz  T_1.6, 6;
    %vpi_call/w 3 36 "$display", "FAIL %s. EXPECTED %d %b", "testbench.sv", v0000022b5f153110_0, v0000022b5f153110_0 {0 0 0};
    %vpi_call/w 3 39 "$finish" {0 0 0};
T_1.6 ;
    ; show_stmt_assign_vector: Get l-value for compressed += operand
    %load/vec4 v0000022b5f0f3a00_0;
    %pushi/vec4 1, 0, 32;
    %add;
    %cast2;
    %store/vec4 v0000022b5f0f3a00_0, 0, 32;
    %jmp T_1.4;
T_1.5 ;
    %end;
    .scope S_0000022b5f0f6690;
t_2 %join;
    %jmp T_1.0;
T_1.1 ;
    %pop/vec4 1;
    %vpi_call/w 3 53 "$display", "PASS %s", "testbench.sv" {0 0 0};
    %vpi_call/w 3 54 "$finish" {0 0 0};
    %end;
    .thread T_1;
# The file index is used to find the file name in the following table.
:file_names 5;
    "N/A";
    "<interactive>";
    "-";
    "testbench.sv";
    "04_06_arithmetic_shift_or_signed_divide_by_power_of_2.sv";
